Log file open, 12/01/18 13:16:38
LogWindows: Failed to load 'aqProf.dll' (GetLastError=126)
LogWindows: File 'aqProf.dll' does not exist
LogWindows: Failed to load 'VSPerf140.dll' (GetLastError=126)
LogWindows: File 'VSPerf140.dll' does not exist
LogWindows: Failed to load 'VtuneApi.dll' (GetLastError=126)
LogWindows: File 'VtuneApi.dll' does not exist
LogWindows: Failed to load 'VtuneApi32e.dll' (GetLastError=126)
LogWindows: File 'VtuneApi32e.dll' does not exist
LogInit: Display: Running engine for game: CodenameWildfire
LogPlatformFile: Not using cached read wrapper
LogTaskGraph: Started task graph with 5 named threads and 11 total threads with 3 sets of task threads.
LogStats: Stats thread started at 0.307020
LogD3D11RHI: Loaded GFSDK_Aftermath_Lib.x64.dll
LogICUInternationalization: Display: ICU TimeZone Detection - Raw Offset: -5:00, Platform Override: ''
LogPluginManager: Mounting plugin Paper2D
LogPluginManager: Mounting plugin AISupport
LogPluginManager: Mounting plugin LightPropagationVolume
LogPluginManager: Mounting plugin CLionSourceCodeAccess
LogPluginManager: Mounting plugin CodeLiteSourceCodeAccess
LogPluginManager: Mounting plugin GitSourceControl
LogPluginManager: Mounting plugin KDevelopSourceCodeAccess
LogPluginManager: Mounting plugin NullSourceCodeAccess
LogPluginManager: Mounting plugin PerforceSourceControl
LogPluginManager: Mounting plugin SubversionSourceControl
LogPluginManager: Mounting plugin UObjectPlugin
LogPluginManager: Mounting plugin VisualStudioCodeSourceCodeAccess
LogPluginManager: Mounting plugin VisualStudioSourceCodeAccess
LogPluginManager: Mounting plugin XCodeSourceCodeAccess
LogPluginManager: Mounting plugin AssetManagerEditor
LogPluginManager: Mounting plugin CryptoKeys
LogPluginManager: Mounting plugin DataValidation
LogPluginManager: Mounting plugin FacialAnimation
LogPluginManager: Mounting plugin GameplayTagsEditor
LogPluginManager: Mounting plugin MacGraphicsSwitching
LogPluginManager: Mounting plugin MeshEditor
LogPluginManager: Mounting plugin MobileLauncherProfileWizard
LogPluginManager: Mounting plugin PluginBrowser
LogPluginManager: Mounting plugin SpeedTreeImporter
LogPluginManager: Mounting plugin DatasmithContent
LogPluginManager: Mounting plugin AlembicImporter
LogPluginManager: Mounting plugin AppleImageUtils
LogPluginManager: Mounting plugin AppleVision
LogPluginManager: Mounting plugin BackChannel
LogPluginManager: Mounting plugin CharacterAI
LogPluginManager: Mounting plugin GeometryCache
LogPluginManager: Mounting plugin HTML5Networking
LogPluginManager: Mounting plugin ProxyLODPlugin
LogPluginManager: Mounting plugin MagicLeap
LogPluginManager: Mounting plugin MagicLeapEmulator
LogPluginManager: Mounting plugin MagicLeapMedia
LogPluginManager: Mounting plugin AndroidMedia
LogPluginManager: Mounting plugin AvfMedia
LogPluginManager: Mounting plugin ImgMedia
LogPluginManager: Mounting plugin LinearTimecode
LogPluginManager: Mounting plugin MediaCompositing
LogPluginManager: Mounting plugin MediaPlayerEditor
LogPluginManager: Mounting plugin WmfMedia
LogPluginManager: Mounting plugin TcpMessaging
LogPluginManager: Mounting plugin UdpMessaging
LogPluginManager: Mounting plugin ActorSequence
LogPluginManager: Mounting plugin LevelSequenceEditor
LogPluginManager: Mounting plugin MatineeToLevelSequence
LogPluginManager: Mounting plugin NetcodeUnitTest
LogPluginManager: Mounting plugin NUTUnrealEngine4
LogPluginManager: Mounting plugin OnlineSubsystemGooglePlay
LogPluginManager: Mounting plugin OnlineSubsystemIOS
LogPluginManager: Mounting plugin OnlineSubsystem
LogPluginManager: Mounting plugin OnlineSubsystemNull
LogPluginManager: Mounting plugin OnlineSubsystemUtils
LogPluginManager: Mounting plugin LauncherChunkInstaller
LogPluginManager: Mounting plugin AndroidDeviceProfileSelector
LogPluginManager: Mounting plugin AndroidMoviePlayer
LogPluginManager: Mounting plugin AndroidPermission
LogPluginManager: Mounting plugin AppleMoviePlayer
LogPluginManager: Mounting plugin ArchVisCharacter
LogPluginManager: Mounting plugin AudioCapture
LogPluginManager: Mounting plugin CableComponent
LogPluginManager: Mounting plugin CustomMeshComponent
LogPluginManager: Mounting plugin EditableMesh
LogPluginManager: Mounting plugin ExampleDeviceProfileSelector
LogPluginManager: Mounting plugin GoogleCloudMessaging
LogPluginManager: Mounting plugin ImmediatePhysics
LogPluginManager: Mounting plugin IOSDeviceProfileSelector
LogPluginManager: Mounting plugin LinuxDeviceProfileSelector
LogPluginManager: Mounting plugin LocationServicesBPLibrary
LogPluginManager: Mounting plugin MobilePatchingUtils
LogPluginManager: Mounting plugin OculusVR
LogPluginManager: Plugin shader directory ../../../Engine/Plugins/Runtime/Oculus/OculusVR/Shaders found
LogPluginManager: Mapping shader source directory ../../../Engine/Plugins/Runtime/Oculus/OculusVR/Shaders to virtual directory /Plugin/OculusVR
LogPluginManager: Mounting plugin PhysXVehicles
LogPluginManager: Mounting plugin ProceduralMeshComponent
LogPluginManager: Mounting plugin RuntimePhysXCooking
LogPluginManager: Mounting plugin SteamVR
LogPluginManager: Mounting plugin WindowsMoviePlayer
LogStreaming: Display: Took  0.345s to configure plugins.
LogInit: Using libcurl 7.55.1-DEV
LogInit:  - built for x86_64-pc-win32
LogInit:  - supports SSL with OpenSSL/1.0.2h
LogInit:  - supports HTTP deflate (compression) using libz 1.2.8
LogInit:  - other features:
LogInit:      CURL_VERSION_SSL
LogInit:      CURL_VERSION_LIBZ
LogInit:      CURL_VERSION_IPV6
LogInit:      CURL_VERSION_ASYNCHDNS
LogInit:      CURL_VERSION_LARGEFILE
LogInit:      CURL_VERSION_IDN
LogInit:  CurlRequestOptions (configurable via config and command line):
LogInit:  - bVerifyPeer = false  - Libcurl will NOT verify peer certificate
LogInit:  - bUseHttpProxy = false  - Libcurl will NOT use HTTP proxy
LogInit:  - bDontReuseConnections = false  - Libcurl will reuse connections
LogInit:  - CertBundlePath = nullptr  - Libcurl will use whatever was configured at build time.
LogInit:  - MaxHostConnections = 16  - Libcurl will limit the number of connections to a host
LogInit:  - LocalHostAddr = Default
LogInit:  - BufferSize = 65536
LogInit: WinSock: version 1.1 (2.2), MaxSocks=32767, MaxUdp=65467
LogInit: Build: ++UE4+Release-4.20-CL-4369336
LogInit: Engine Version: 4.20.3-4369336+++UE4+Release-4.20
LogInit: Compatible Engine Version: 4.20.0-4212847+++UE4+Release-4.20
LogInit: Net CL: 4212847
LogInit: OS: Windows 10 (), CPU: Intel(R) Core(TM) i5-7300U CPU @ 2.60GHz, GPU: Intel(R) HD Graphics 620
LogInit: Compiled (64-bit): Sep 17 2018 12:26:19
LogInit: Compiled with Visual C++: 19.13.26129.00
LogInit: Build Configuration: Development
LogInit: Branch Name: ++UE4+Release-4.20
LogInit: Command Line: 
LogInit: Base Directory: C:/Program Files/Epic Games/UE_4.20/Engine/Binaries/Win64/
LogInit: Installed Engine Build: 1
LogDevObjectVersion: Number of dev versions registered: 20
LogDevObjectVersion:   Dev-Blueprints (B0D832E4-1F89-4F0D-ACCF-7EB736FD4AA2): 10
LogDevObjectVersion:   Dev-Build (E1C64328-A22C-4D53-A36C-8E866417BD8C): 0
LogDevObjectVersion:   Dev-Core (375EC13C-06E4-48FB-B500-84F0262A717E): 2
LogDevObjectVersion:   Dev-Editor (E4B068ED-F494-42E9-A231-DA0B2E46BB41): 24
LogDevObjectVersion:   Dev-Framework (CFFC743F-43B0-4480-9391-14DF171D2073): 34
LogDevObjectVersion:   Dev-Mobile (B02B49B5-BB20-44E9-A304-32B752E40360): 2
LogDevObjectVersion:   Dev-Networking (A4E4105C-59A1-49B5-A7C5-40C4547EDFEE): 0
LogDevObjectVersion:   Dev-Online (39C831C9-5AE6-47DC-9A44-9C173E1C8E7C): 0
LogDevObjectVersion:   Dev-Physics (78F01B33-EBEA-4F98-B9B4-84EACCB95AA2): 0
LogDevObjectVersion:   Dev-Platform (6631380F-2D4D-43E0-8009-CF276956A95A): 0
LogDevObjectVersion:   Dev-Rendering (12F88B9F-8875-4AFC-A67C-D90C383ABD29): 26
LogDevObjectVersion:   Dev-Sequencer (7B5AE74C-D270-4C10-A958-57980B212A5A): 9
LogDevObjectVersion:   Dev-VR (D7296918-1DD6-4BDD-9DE2-64A83CC13884): 2
LogDevObjectVersion:   Dev-LoadTimes (C2A15278-BFE7-4AFE-6C17-90FF531DF755): 1
LogDevObjectVersion:   Private-Geometry (6EACA3D4-40EC-4CC1-B786-8BED09428FC5): 3
LogDevObjectVersion:   Dev-AnimPhys (29E575DD-E0A3-4627-9D10-D276232CDCEA): 17
LogDevObjectVersion:   Dev-ReflectionCapture (6B266CEC-1EC7-4B8F-A30B-E4D90942FC07): 1
LogDevObjectVersion:   Dev-Automation (0DF73D61-A23F-47EA-B727-89E90C41499A): 1
LogDevObjectVersion:   FortniteMain (601D1886-AC64-4F84-AA16-D3DE0DEAC7D6): 12
LogDevObjectVersion:   Dev-Enterprise (9DFFBCD6-494F-0158-E221-12823C92A888): 1
LogStreaming: Display: Took  0.011s to delete old logs.
LogInit: Presizing for max 8388607 objects, including 0 objects not considered by GC, pre-allocating 0 bytes for permanent pool.
LogInit: Object subsystem initialized
[2018.12.01-18.16.38:826][  0]LogInit: Selected Device Profile: [Windows]
[2018.12.01-18.16.38:826][  0]LogInit: Applying CVar settings loaded from the selected device profile: [Windows]
[2018.12.01-18.16.38:948][  0]LogHAL: Display: Platform has ~ 8 GB [8511496192 / 8589934592 / 8], which maps to Default [LargestMinGB=32, LargerMinGB=12, DefaultMinGB=8, SmallerMinGB=6, SmallestMinGB=0)
[2018.12.01-18.16.38:948][  0]LogInit: Setting Device Profile CVar: [[r.Vulkan.UseRealUBs:1]]
[2018.12.01-18.16.38:948][  0]LogInit: Going up to parent DeviceProfile []
[2018.12.01-18.16.38:948][  0]LogInit: Computer: HARRY-SURFACE
[2018.12.01-18.16.38:949][  0]LogInit: User: Harry
[2018.12.01-18.16.38:949][  0]LogInit: CPU Page size=4096, Cores=2
[2018.12.01-18.16.38:949][  0]LogInit: High frequency timer resolution =10.000000 MHz
[2018.12.01-18.16.38:949][  0]LogMemory: Memory total: Physical=7.9GB (8GB approx)
[2018.12.01-18.16.38:949][  0]LogMemory: Platform Memory Stats for Windows
[2018.12.01-18.16.38:949][  0]LogMemory: Process Physical Memory: 100.45 MB used, 100.46 MB peak
[2018.12.01-18.16.38:949][  0]LogMemory: Process Virtual Memory: 84.14 MB used, 84.14 MB peak
[2018.12.01-18.16.38:949][  0]LogMemory: Physical Memory: 5857.02 MB used,  2260.18 MB free, 8117.20 MB total
[2018.12.01-18.16.38:949][  0]LogMemory: Virtual Memory: 4618.57 MB used,  2260.18 MB free, 134217728.00 MB total
[2018.12.01-18.16.38:976][  0]LogInit: Using OS detected language (zh-CN).
[2018.12.01-18.16.38:976][  0]LogInit: Using OS detected locale (zh-CN).
[2018.12.01-18.16.39:651][  0]LogStreaming: Display: Took  0.675s to InitEngineTextLocalization.
[2018.12.01-18.16.39:651][  0]LogInit: Setting process to per monitor DPI aware
[2018.12.01-18.16.39:732][  0]LogSlate: New Slate User Created.  User Index 0, Is Virtual User: 0
[2018.12.01-18.16.39:732][  0]LogSlate: Slate User Registered.  User Index 0, Is Virtual User: 0
[2018.12.01-18.16.40:249][  0]LogHMD: Failed to initialize OpenVR with code 110
[2018.12.01-18.16.40:249][  0]LogD3D11RHI: D3D11 adapters:
[2018.12.01-18.16.40:301][  0]LogD3D11RHI:    0. 'Intel(R) HD Graphics 620' (Feature Level 11_0)
[2018.12.01-18.16.40:301][  0]LogD3D11RHI:       128/0/4058 MB DedicatedVideo/DedicatedSystem/SharedSystem, Outputs:1, VendorId:0x8086
[2018.12.01-18.16.40:307][  0]LogD3D11RHI:    1. 'Microsoft Basic Render Driver' (Feature Level 11_0)
[2018.12.01-18.16.40:307][  0]LogD3D11RHI:       0/0/4058 MB DedicatedVideo/DedicatedSystem/SharedSystem, Outputs:0, VendorId:0x1414
[2018.12.01-18.16.40:307][  0]LogD3D11RHI: Chosen D3D11 Adapter: 0
[2018.12.01-18.16.40:315][  0]LogD3D11RHI: Creating new Direct3DDevice
[2018.12.01-18.16.40:317][  0]LogD3D11RHI:     GPU DeviceId: 0x5916 (for the marketing name, search the web for "GPU Device Id")
[2018.12.01-18.16.40:317][  0]LogWindows: EnumDisplayDevices:
[2018.12.01-18.16.40:317][  0]LogWindows:    0. 'Intel(R) HD Graphics 620' (P:1 D:1)
[2018.12.01-18.16.40:317][  0]LogWindows:    1. 'Intel(R) HD Graphics 620' (P:0 D:0)
[2018.12.01-18.16.40:317][  0]LogWindows:    2. 'Intel(R) HD Graphics 620' (P:0 D:0)
[2018.12.01-18.16.40:318][  0]LogWindows: DebugString: FoundDriverCount:3 
[2018.12.01-18.16.40:318][  0]LogD3D11RHI:     Adapter Name: Intel(R) HD Graphics 620
[2018.12.01-18.16.40:318][  0]LogD3D11RHI:   Driver Version: 24.20.100.6136 (internal:24.20.100.6136, unified:24.20.100.6136)
[2018.12.01-18.16.40:318][  0]LogD3D11RHI:      Driver Date: 5-25-2018
[2018.12.01-18.16.40:318][  0]LogRHI: Texture pool is 1510 MB (70% of 2157 MB)
[2018.12.01-18.16.40:354][  0]LogD3D11RHI: Async texture creation enabled
[2018.12.01-18.16.40:363][  0]LogD3D11RHI: GPU Timing Frequency: 12.000048 (Debug: 2 0)
[2018.12.01-18.16.40:365][  0]LogShaderCompilers: Guid format shader working directory is 2 characters bigger than the processId version (D:/GitHub/CodenameWildfire/CodenameWildfire/Intermediate/Shaders/WorkingDirectory/13020/).
[2018.12.01-18.16.40:365][  0]LogShaderCompilers: Cleaned the shader compiler working directory 'C:/Users/Harry/AppData/Local/Temp/UnrealShaderWorkingDir/28FE07744E6BC9B6539003A3531DA460/'.
[2018.12.01-18.16.40:903][  0]LogTemp: Display: Loaded TP AllDesktopTargetPlatform
[2018.12.01-18.16.40:922][  0]LogTemp: Display: Loaded TP MacClientTargetPlatform
[2018.12.01-18.16.40:945][  0]LogTemp: Display: Loaded TP MacNoEditorTargetPlatform
[2018.12.01-18.16.40:970][  0]LogTemp: Display: Loaded TP MacServerTargetPlatform
[2018.12.01-18.16.40:992][  0]LogTemp: Display: Loaded TP MacTargetPlatform
[2018.12.01-18.16.41:009][  0]LogTemp: Display: Loaded TP WindowsClientTargetPlatform
[2018.12.01-18.16.41:026][  0]LogTemp: Display: Loaded TP WindowsNoEditorTargetPlatform
[2018.12.01-18.16.41:043][  0]LogTemp: Display: Loaded TP WindowsServerTargetPlatform
[2018.12.01-18.16.41:053][  0]LogTemp: Display: Loaded TP WindowsTargetPlatform
[2018.12.01-18.16.41:179][  0]LogTemp: Display: Loaded TP AndroidTargetPlatform
[2018.12.01-18.16.41:179][  0]LogTemp: Display: Loaded TP AndroidTargetPlatform
[2018.12.01-18.16.41:179][  0]LogTemp: Display: Loaded TP AndroidTargetPlatform
[2018.12.01-18.16.41:179][  0]LogTemp: Display: Loaded TP AndroidTargetPlatform
[2018.12.01-18.16.41:180][  0]LogTemp: Display: Loaded TP AndroidTargetPlatform
[2018.12.01-18.16.41:180][  0]LogTemp: Display: Loaded TP AndroidTargetPlatform
[2018.12.01-18.16.41:180][  0]LogTemp: Display: Loaded TP AndroidTargetPlatform
[2018.12.01-18.16.41:181][  0]LogTemp: Display: Loaded TP AndroidTargetPlatform
[2018.12.01-18.16.41:181][  0]LogTemp: Display: Loaded TP AndroidTargetPlatform
[2018.12.01-18.16.41:181][  0]LogTemp: Display: Loaded TP AndroidTargetPlatform
[2018.12.01-18.16.41:181][  0]LogTemp: Display: Loaded TP AndroidTargetPlatform
[2018.12.01-18.16.41:181][  0]LogTemp: Display: Loaded TP AndroidTargetPlatform
[2018.12.01-18.16.41:181][  0]LogTemp: Display: Loaded TP AndroidTargetPlatform
[2018.12.01-18.16.41:181][  0]LogTemp: Display: Loaded TP AndroidTargetPlatform
[2018.12.01-18.16.41:181][  0]LogTemp: Display: Loaded TP AndroidTargetPlatform
[2018.12.01-18.16.41:181][  0]LogTemp: Display: Loaded TP AndroidTargetPlatform
[2018.12.01-18.16.41:181][  0]LogTemp: Display: Loaded TP AndroidTargetPlatform
[2018.12.01-18.16.41:181][  0]LogTemp: Display: Loaded TP AndroidTargetPlatform
[2018.12.01-18.16.41:182][  0]LogTemp: Display: Loaded TP HTML5TargetPlatform
[2018.12.01-18.16.41:274][  0]LogTemp: Display: Loaded TP IOSTargetPlatform
[2018.12.01-18.16.41:274][  0]LogTemp: Display: Loaded TP IOSTargetPlatform
[2018.12.01-18.16.41:312][  0]LogTemp: Display: Loaded TP TVOSTargetPlatform
[2018.12.01-18.16.41:312][  0]LogTemp: Display: Loaded TP TVOSTargetPlatform
[2018.12.01-18.16.41:334][  0]LogTemp: Display: Loaded TP LinuxClientTargetPlatform
[2018.12.01-18.16.41:349][  0]LogTemp: Display: Loaded TP LinuxNoEditorTargetPlatform
[2018.12.01-18.16.41:368][  0]LogTemp: Display: Loaded TP LinuxServerTargetPlatform
[2018.12.01-18.16.41:386][  0]LogTemp: Display: Loaded TP LinuxTargetPlatform
[2018.12.01-18.16.41:400][  0]LogTemp: Display: Loaded TP LuminTargetPlatform
[2018.12.01-18.16.41:400][  0]LogTargetPlatformManager: Display: Building Assets For Windows
[2018.12.01-18.16.41:484][  0]LogXGEController: Cannot use XGE Controller as Incredibuild is not installed on this machine.
[2018.12.01-18.16.41:484][  0]LogShaderCompilers: Cannot use XGE Shader Compiler as Incredibuild is not installed on this machine.
[2018.12.01-18.16.41:484][  0]LogShaderCompilers: Display: Using Local Shader Compiler.
[2018.12.01-18.16.42:497][  0]LogDerivedDataCache: Display: Max Cache Size: 512 MB
[2018.12.01-18.16.42:567][  0]LogDerivedDataCache: Loaded boot cache 0.07s 71MB C:/Users/Harry/AppData/Local/UnrealEngine/4.20/DerivedDataCache/Boot.ddc.
[2018.12.01-18.16.42:568][  0]LogDerivedDataCache: Display: Loaded Boot cache: C:/Users/Harry/AppData/Local/UnrealEngine/4.20/DerivedDataCache/Boot.ddc
[2018.12.01-18.16.42:568][  0]LogDerivedDataCache: FDerivedDataBackendGraph:  Pak pak cache file D:/GitHub/CodenameWildfire/CodenameWildfire/DerivedDataCache/DDC.ddp not found, will not use a pak cache.
[2018.12.01-18.16.42:568][  0]LogDerivedDataCache: Unable to find inner node Pak for hierarchical cache Hierarchy.
[2018.12.01-18.16.42:568][  0]LogDerivedDataCache: FDerivedDataBackendGraph:  CompressedPak pak cache file D:/GitHub/CodenameWildfire/CodenameWildfire/DerivedDataCache/Compressed.ddp not found, will not use a pak cache.
[2018.12.01-18.16.42:568][  0]LogDerivedDataCache: Unable to find inner node CompressedPak for hierarchical cache Hierarchy.
[2018.12.01-18.16.42:587][  0]LogDerivedDataCache: Display: Pak cache opened for reading ../../../Engine/DerivedDataCache/Compressed.ddp.
[2018.12.01-18.16.42:600][  0]LogDerivedDataCache: Using Local data cache path C:/Users/Harry/AppData/Local/UnrealEngine/Common/DerivedDataCache: Writable
[2018.12.01-18.16.42:600][  0]LogDerivedDataCache: Shared data cache path not found in *engine.ini, will not use an Shared cache.
[2018.12.01-18.16.42:600][  0]LogDerivedDataCache: Unable to find inner node Shared for hierarchical cache Hierarchy.
[2018.12.01-18.16.42:658][  0]LogMaterial: Verifying Global Shaders for PCD3D_SM5
[2018.12.01-18.16.42:660][  0]LogSlate: Using FreeType 2.6.0
[2018.12.01-18.16.42:661][  0]LogSlate: SlateFontServices - WITH_FREETYPE: 1, WITH_HARFBUZZ: 1
[2018.12.01-18.16.42:750][  0]LogAssetRegistry: FAssetRegistry took 0.0269 seconds to start up
[2018.12.01-18.16.43:184][  0]LogInit: Selected Device Profile: [Windows]
[2018.12.01-18.16.43:356][  0]LogSimplygon: Simplygon DLL not present - disabling.
[2018.12.01-18.16.43:361][  0]LogMeshReduction: Using SimplygonSwarm for distributed automatic mesh merging
[2018.12.01-18.16.43:361][  0]LogMeshReduction: Using ProxyLODMeshReduction for automatic mesh merging
[2018.12.01-18.16.43:361][  0]LogMeshReduction: Using QuadricMeshReduction for automatic static mesh reduction
[2018.12.01-18.16.43:361][  0]LogMeshReduction: No automatic skeletal mesh reduction module available
[2018.12.01-18.16.43:383][  0]LogNetVersion: CodenameWildfire 1.0.0, NetCL: 4212847, EngineNetVer: 5, GameNetVer: 0 (Checksum: 1284185897)
[2018.12.01-18.16.44:885][  0]LogPackageLocalizationCache: Processed 11 localized package path(s) for 4 prioritized culture(s) in 0.775870 seconds
[2018.12.01-18.16.44:901][  0]LogUObjectArray: 38425 objects as part of root set at end of initial load.
[2018.12.01-18.16.44:901][  0]LogUObjectAllocator: 6690864 out of 0 bytes used by permanent object pool.
[2018.12.01-18.16.44:901][  0]LogUObjectArray: CloseDisregardForGC: 0/0 objects in disregard for GC pool
[2018.12.01-18.16.45:973][  0]LogTcpMessaging: Initializing TcpMessaging bridge
[2018.12.01-18.16.45:989][  0]LogUdpMessaging: Initializing bridge on interface 0.0.0.0:0 to multicast group 230.0.0.1:6666.
[2018.12.01-18.16.46:253][  0]SourceControl: 源码管理已禁用
[2018.12.01-18.16.46:253][  0]SourceControl: 源码管理已禁用
[2018.12.01-18.16.46:257][  0]SourceControl: 源码管理已禁用
[2018.12.01-18.16.46:259][  0]SourceControl: 源码管理已禁用
[2018.12.01-18.16.46:502][  0]LogAndroidPermission: UAndroidPermissionCallbackProxy::GetInstance
[2018.12.01-18.16.46:611][  0]LogOcInput: OculusInput pre-init called
[2018.12.01-18.16.46:685][  0]LogEngine: Initializing Engine...
[2018.12.01-18.16.46:686][  0]LogHMD: Failed to initialize OpenVR with code 110
[2018.12.01-18.16.46:687][  0]LogStats: UGameplayTagsManager::ConstructGameplayTagTree: ImportINI prefixes -  0.000 s
[2018.12.01-18.16.46:687][  0]LogStats: UGameplayTagsManager::ConstructGameplayTagTree: Construct from data asset -  0.000 s
[2018.12.01-18.16.46:687][  0]LogStats: UGameplayTagsManager::ConstructGameplayTagTree: ImportINI -  0.000 s
[2018.12.01-18.16.46:687][  0]LogStats: UGameplayTagsManager::ConstructGameplayTagTree: GameplayTagTreeChangedEvent.Broadcast -  0.000 s
[2018.12.01-18.16.46:941][  0]LogInit: Initializing FReadOnlyCVARCache
[2018.12.01-18.16.46:962][  0]LogAIModule: Creating AISystem for world Untitled
[2018.12.01-18.16.47:206][  0]LogInit: XAudio2 using '扬声器 (Realtek High Definition Audio(SST))' : 2 channels at 48 kHz using 32 bits per sample (channel mask 0x3)
[2018.12.01-18.16.47:488][  0]LogInit: FAudioDevice initialized.
[2018.12.01-18.16.47:488][  0]LogNetVersion: Set ProjectVersion to 1.0.0.0. Version Checksum will be recalculated on next use.
[2018.12.01-18.16.47:594][  0]LogDerivedDataCache: Saved boot cache 0.11s 71MB C:/Users/Harry/AppData/Local/UnrealEngine/4.20/DerivedDataCache/Boot.ddc.
[2018.12.01-18.16.47:622][  0]LogInit: Texture streaming: Enabled
[2018.12.01-18.16.47:652][  0]LogEngineSessionManager: EngineSessionManager initialized
[2018.12.01-18.16.47:668][  0]LogInit: Transaction tracking system initialized
[2018.12.01-18.16.47:699][  0]BlueprintLog: New page: 编辑器加载
[2018.12.01-18.16.47:802][  0]LocalizationService: 本地化服务已禁用
[2018.12.01-18.16.48:319][  0]LogCook: Display: Max memory allowance for cook 16384mb min free memory 0mb
[2018.12.01-18.16.48:319][  0]LogCook: Display: Mobile HDR setting 1
[2018.12.01-18.16.48:319][  0]LogGameplayTags: Display: UGameplayTagsManager::DoneAddingNativeTags. DelegateIsBound: 0
[2018.12.01-18.16.48:319][  0]LogStats: UGameplayTagsManager::ConstructGameplayTagTree: ImportINI prefixes -  0.000 s
[2018.12.01-18.16.48:319][  0]LogStats: UGameplayTagsManager::ConstructGameplayTagTree: Construct from data asset -  0.000 s
[2018.12.01-18.16.48:319][  0]LogStats: UGameplayTagsManager::ConstructGameplayTagTree: ImportINI -  0.000 s
[2018.12.01-18.16.48:319][  0]LogStats: UGameplayTagsManager::ConstructGameplayTagTree: GameplayTagTreeChangedEvent.Broadcast -  0.000 s
[2018.12.01-18.16.48:327][  0]LogFileCache: Scanning file cache for directory 'D:/GitHub/CodenameWildfire/CodenameWildfire/Content/' took 0.03s
[2018.12.01-18.16.48:512][  0]SourceControl: 源码管理已禁用
[2018.12.01-18.16.48:512][  0]Cmd: MAP LOAD FILE="D:/GitHub/CodenameWildfire/CodenameWildfire/Content/FirstPersonBP/Maps/FirstPersonExampleMap.umap" TEMPLATE=0 SHOWPROGRESS=1 FEATURELEVEL=3
[2018.12.01-18.16.48:513][  0]LightingResults: New page: 光照构建
[2018.12.01-18.16.48:517][  0]MapCheck: New page: 地图检测
[2018.12.01-18.16.48:517][  0]LightingResults: New page: 光照构建
[2018.12.01-18.16.53:089][  0]LogAIModule: Creating AISystem for world FirstPersonExampleMap
[2018.12.01-18.16.57:414][  0]LogEditorServer: Finished looking for orphan Actors (0.000 secs)
[2018.12.01-18.16.57:452][  0]Cmd: MAP CHECKDEP NOCLEARLOG
[2018.12.01-18.16.57:568][  0]MapCheck: 地图检测完成：0个错误，0 个警告，用时115.231毫秒完成。
[2018.12.01-18.16.57:568][  0]LogFileHelpers: Loading map 'FirstPersonExampleMap' took 9.055
[2018.12.01-18.16.57:855][  0]LogSlate: Updating window title bar state: overlay mode, drag disabled, window buttons hidden, title bar hidden
[2018.12.01-18.16.57:866][  0]LogSlate: Updating window title bar state: overlay mode, drag disabled, window buttons hidden, title bar hidden
[2018.12.01-18.16.57:877][  0]LogSlate: Updating window title bar state: overlay mode, drag disabled, window buttons hidden, title bar hidden
[2018.12.01-18.16.57:886][  0]LogSlate: Updating window title bar state: overlay mode, drag disabled, window buttons hidden, title bar hidden
[2018.12.01-18.16.57:909][  0]LogCollectionManager: Loaded 0 collections in 0.003031 seconds
[2018.12.01-18.16.57:987][  0]LogFileCache: Scanning file cache for directory 'D:/GitHub/CodenameWildfire/CodenameWildfire/Saved/Collections/' took 0.01s
[2018.12.01-18.16.57:987][  0]LogFileCache: Scanning file cache for directory 'D:/GitHub/CodenameWildfire/CodenameWildfire/Content/Developers/Harry/Collections/' took 0.02s
[2018.12.01-18.16.57:988][  0]LogFileCache: Scanning file cache for directory 'D:/GitHub/CodenameWildfire/CodenameWildfire/Content/Collections/' took 0.00s
[2018.12.01-18.16.57:988][  0]LogCollectionManager: Rebuilt the GUID cache for 0 collections in 0.000001 seconds
[2018.12.01-18.16.58:013][  0]LogContentBrowser: Native class hierarchy populated in 0.0227 seconds. Added 2572 classes and 603 folders.
[2018.12.01-18.16.58:030][  0]LogContentBrowser: Native class hierarchy updated for 'WidgetCarousel' in 0.0003 seconds. Added 0 classes and 0 folders.
[2018.12.01-18.16.59:224][  0]LogContentBrowser: Native class hierarchy updated for 'AddContentDialog' in 0.0004 seconds. Added 0 classes and 0 folders.
[2018.12.01-18.16.59:239][  0]LogContentBrowser: Native class hierarchy updated for 'SceneOutliner' in 0.0003 seconds. Added 1 classes and 2 folders.
[2018.12.01-18.16.59:328][  0]LogSlate: Took 0.000620 seconds to synchronously load lazily loaded font '../../../Engine/Content/Slate/Fonts/Roboto-Regular.ttf' (155K)
[2018.12.01-18.16.59:342][  0]LogSlate: Took 0.007264 seconds to synchronously load lazily loaded font '../../../Engine/Content/Slate/Fonts/DroidSansFallback.ttf' (3848K)
[2018.12.01-18.16.59:344][  0]LogSlate: Took 0.000471 seconds to synchronously load lazily loaded font '../../../Engine/Content/Slate/Fonts/Roboto-Bold.ttf' (160K)
[2018.12.01-18.16.59:377][  0]LogSlate: Took 0.012503 seconds to synchronously load lazily loaded font '../../../Engine/Content/Editor/Slate/Fonts/FontAwesome.ttf' (139K)
[2018.12.01-18.16.59:697][  0]LogRenderer: Reallocating scene render targets to support 860x468 Format 10 NumSamples 1 (Frame:1).
[2018.12.01-18.17.00:354][  0]LogContentBrowser: Native class hierarchy updated for 'HierarchicalLODOutliner' in 0.0006 seconds. Added 0 classes and 0 folders.
[2018.12.01-18.17.00:354][  0]LogLoad: (Engine Initialization) Total time: 24.73 seconds
[2018.12.01-18.17.00:354][  0]LogLoad: (Engine Initialization) Total Blueprint compile time: 0.00 seconds
[2018.12.01-18.17.00:426][  0]LogContentStreaming: Texture pool size now 1000 MB
[2018.12.01-18.17.00:493][  1]LogFileCache: Retrieving MD5 hashes for directory 'D:/GitHub/CodenameWildfire/CodenameWildfire/Content/' took 0.09s
[2018.12.01-18.17.00:537][  1]LogAssetRegistry: Asset discovery search completed in 17.8093 seconds
[2018.12.01-18.17.00:540][  1]LogCollectionManager: Rebuilt the object cache for 0 collections in 0.000000 seconds (found 0 objects)
[2018.12.01-18.17.00:541][  1]LogCollectionManager: Fixed up redirectors for 0 collections in 0.000146 seconds (updated 0 objects)
[2018.12.01-18.17.20:318][279]LogSlate: FSceneViewport::OnFocusLost() reason 0
[2018.12.01-18.17.23:672][378]LogSlate: Took 0.100658 seconds to synchronously load lazily loaded font '../../../Engine/Content/Slate/Fonts/Roboto-Light.ttf' (167K)
[2018.12.01-18.17.23:698][378]LogAssetEditorManager: Opening Asset editor for Blueprint /Game/FirstPersonBP/Blueprints/FirstPersonCharacter.FirstPersonCharacter
[2018.12.01-18.17.25:026][378]LogContentBrowser: Native class hierarchy updated for 'BlueprintGraph' in 0.0007 seconds. Added 116 classes and 0 folders.
[2018.12.01-18.17.26:513][378]LogSlate: Took 0.012913 seconds to synchronously load lazily loaded font '../../../Engine/Content/Slate/Fonts/Roboto-BoldCondensed.ttf' (158K)
[2018.12.01-18.17.27:144][379]LogSlate: Took 0.074095 seconds to synchronously load lazily loaded font '../../../Engine/Content/Slate/Fonts/Roboto-Italic.ttf' (157K)
[2018.12.01-18.23.44:410][503]LogEditorTransaction: Undo 添加引脚
[2018.12.01-18.26.03:392][686]LogWindowsTextInputMethodSystem: Display: IME system now deactivated.
[2018.12.01-18.26.03:392][686]LogWindowsTextInputMethodSystem: Display: IME system now deactivated.
[2018.12.01-18.27.02:714][481]LogSavePackage: Moving 'D:/GitHub/CodenameWildfire/CodenameWildfire/Saved/FirstPersonExampleMap_Auto1B403BC484AB689527DB9109F2C6955A4.tmp' to 'D:/GitHub/CodenameWildfire/CodenameWildfire/Saved/Autosaves/Game/FirstPersonBP/Maps/FirstPersonExampleMap_Auto1.umap'
[2018.12.01-18.27.02:857][481]LogFileHelpers: Editor autosave (incl. sublevels) for '/Game/FirstPersonBP/Maps/FirstPersonExampleMap' took 2.088
[2018.12.01-18.27.02:858][481]LogFileHelpers: Editor autosave (incl. sublevels) for all levels took 2.088
[2018.12.01-18.27.02:899][481]OBJ SavePackage: Generating thumbnails for [0] asset(s) in package [/Game/FirstPersonBP/Blueprints/FirstPersonCharacter] ([1] browsable assets)...
[2018.12.01-18.27.02:899][481]OBJ SavePackage: Finished generating thumbnails for package [/Game/FirstPersonBP/Blueprints/FirstPersonCharacter]
[2018.12.01-18.27.03:273][481]LogSavePackage: Moving 'D:/GitHub/CodenameWildfire/CodenameWildfire/Saved/FirstPersonCharacter_Auto1B409491345D139248CF16491BBE423DB.tmp' to 'D:/GitHub/CodenameWildfire/CodenameWildfire/Saved/Autosaves/Game/FirstPersonBP/Blueprints/FirstPersonCharacter_Auto1.uasset'
[2018.12.01-18.27.03:296][481]LogFileHelpers: Auto-saving content packages took 0.407
[2018.12.01-18.28.33:256][167]LogSlate: Window '可扩展性选项' being destroyed
[2018.12.01-18.28.33:998][168]LogContentStreaming: Texture pool size now 600 MB
[2018.12.01-18.28.34:071][170]LogRenderer: Reallocating scene render targets to support 860x468 Format 9 NumSamples 1 (Frame:5901).
[2018.12.01-18.28.40:788][273]LogSlate: Window 'FirstPersonCharacter*' being destroyed
[2018.12.01-18.28.43:325][333]LogEditorViewport: Clicking on Actor (LMB): Landscape (Landscape)
[2018.12.01-18.29.01:853][643]LogEditorViewport: Clicking on Actor (LMB): BP_Sky_Sphere_C (SkySphereBlueprint)
[2018.12.01-18.29.11:898][799]LogEditorViewport: Clicking on Actor (LMB): PostProcessVolume (PostProcessVolume)
[2018.12.01-18.29.22:231][964]LogEditorViewport: Clicking on Actor (LMB): StaticMeshActor (Cube11)
[2018.12.01-18.29.29:683][ 74]LogSlate: FSceneViewport::OnFocusLost() reason 0
[2018.12.01-18.32.20:855][264]BlueprintLog: New page: 编译FirstPersonCharacter
[2018.12.01-18.32.26:309][402]LogTemp: Repeating last play command: 模拟
[2018.12.01-18.32.26:496][402]LogBlueprintUserMessages: Early PlayInEditor Detection: Level '/Game/FirstPersonBP/Maps/FirstPersonExampleMap.FirstPersonExampleMap:PersistentLevel' has LevelScriptBlueprint '/Game/FirstPersonBP/Maps/FirstPersonExampleMap.FirstPersonExampleMap:PersistentLevel.FirstPersonExampleMap' with GeneratedClass '/Game/FirstPersonBP/Maps/FirstPersonExampleMap.FirstPersonExampleMap_C' with ClassGeneratedBy '/Game/FirstPersonBP/Maps/FirstPersonExampleMap.FirstPersonExampleMap:PersistentLevel.FirstPersonExampleMap'
[2018.12.01-18.32.26:509][402]LogPlayLevel: PlayLevel: No blueprints needed recompiling
[2018.12.01-18.32.26:622][402]PIE: New page: SIE 会话: FirstPersonExampleMap (2018年12月1日 上午8:32:26)
[2018.12.01-18.32.26:624][402]LogPlayLevel: Creating play world package: /Game/FirstPersonBP/Maps/UEDPIE_0_FirstPersonExampleMap
[2018.12.01-18.32.26:739][402]LogPlayLevel: PIE: StaticDuplicateObject took: (0.114342s)
[2018.12.01-18.32.26:741][402]LogAIModule: Creating AISystem for world FirstPersonExampleMap
[2018.12.01-18.32.26:742][402]LogPlayLevel: PIE: World Init took: (0.002640s)
[2018.12.01-18.32.26:742][402]LogPlayLevel: PIE: Created PIE world by copying editor world from /Game/FirstPersonBP/Maps/FirstPersonExampleMap.FirstPersonExampleMap to /Game/FirstPersonBP/Maps/UEDPIE_0_FirstPersonExampleMap.FirstPersonExampleMap (0.118792s)
[2018.12.01-18.32.26:808][402]LogInit: XAudio2 using '扬声器 (Realtek High Definition Audio(SST))' : 2 channels at 48 kHz using 32 bits per sample (channel mask 0x3)
[2018.12.01-18.32.26:833][402]LogInit: FAudioDevice initialized.
[2018.12.01-18.32.26:931][402]LogLoad: Game class is 'FirstPersonGameMode_C'
[2018.12.01-18.32.27:005][402]LogWorld: Bringing World /Game/FirstPersonBP/Maps/UEDPIE_0_FirstPersonExampleMap.FirstPersonExampleMap up for play (max tick rate 60) at 2018.12.01-13.32.27
[2018.12.01-18.32.27:010][402]LogWorld: Bringing up level for play took: 0.043891
[2018.12.01-18.32.27:027][402]LogGameMode: FindPlayerStart: PATHS NOT DEFINED or NO PLAYERSTART with positive rating
[2018.12.01-18.32.27:068][402]LogContentBrowser: Native class hierarchy updated for 'MovieSceneCapture' in 0.0013 seconds. Added 10 classes and 0 folders.
[2018.12.01-18.32.27:071][402]PIE: /Game/FirstPersonBP/Maps/UEDPIE_0_FirstPersonExampleMap的‘在编辑器中播放’的起始时间0.603
[2018.12.01-18.32.27:190][402]LogBlueprintUserMessages: Late PlayInEditor Detection: Level '/Game/FirstPersonBP/Maps/FirstPersonExampleMap.FirstPersonExampleMap:PersistentLevel' has LevelScriptBlueprint '/Game/FirstPersonBP/Maps/FirstPersonExampleMap.FirstPersonExampleMap:PersistentLevel.FirstPersonExampleMap' with GeneratedClass '/Game/FirstPersonBP/Maps/FirstPersonExampleMap.FirstPersonExampleMap_C' with ClassGeneratedBy '/Game/FirstPersonBP/Maps/FirstPersonExampleMap.FirstPersonExampleMap:PersistentLevel.FirstPersonExampleMap'
[2018.12.01-18.32.37:904][625]LogSlate: FSceneViewport::OnFocusLost() reason 0
[2018.12.01-18.33.03:573][  3]LogSlate: FSceneViewport::OnFocusLost() reason 0
[2018.12.01-18.33.12:167][149]LogSlate: FSceneViewport::OnFocusLost() reason 0
[2018.12.01-18.33.12:340][151]LogBlueprintUserMessages: Early EndPlayMap Detection: Level '/Game/FirstPersonBP/Maps/FirstPersonExampleMap.FirstPersonExampleMap:PersistentLevel' has LevelScriptBlueprint '/Game/FirstPersonBP/Maps/FirstPersonExampleMap.FirstPersonExampleMap:PersistentLevel.FirstPersonExampleMap' with GeneratedClass '/Game/FirstPersonBP/Maps/FirstPersonExampleMap.FirstPersonExampleMap_C' with ClassGeneratedBy '/Game/FirstPersonBP/Maps/FirstPersonExampleMap.FirstPersonExampleMap:PersistentLevel.FirstPersonExampleMap'
[2018.12.01-18.33.12:345][151]LogSlate: Updating window title bar state: overlay mode, drag disabled, window buttons hidden, title bar hidden
[2018.12.01-18.33.12:474][151]LogPlayLevel: Display: Shutting down PIE online subsystems
[2018.12.01-18.33.12:475][151]LogBlueprintUserMessages: Late EndPlayMap Detection: Level '/Game/FirstPersonBP/Maps/FirstPersonExampleMap.FirstPersonExampleMap:PersistentLevel' has LevelScriptBlueprint '/Game/FirstPersonBP/Maps/FirstPersonExampleMap.FirstPersonExampleMap:PersistentLevel.FirstPersonExampleMap' with GeneratedClass '/Game/FirstPersonBP/Maps/FirstPersonExampleMap.FirstPersonExampleMap_C' with ClassGeneratedBy '/Game/FirstPersonBP/Maps/FirstPersonExampleMap.FirstPersonExampleMap:PersistentLevel.FirstPersonExampleMap'
[2018.12.01-18.33.12:571][151]LogSlate: Updating window title bar state: overlay mode, drag disabled, window buttons hidden, title bar hidden
[2018.12.01-18.33.12:698][152]LogPlayLevel: Display: Destroying online subsystem :Context_5
[2018.12.01-18.33.19:815][189]LogSlate: Window '保存内容' being destroyed
[2018.12.01-18.33.19:876][189]LogPlayLevel: Warning: PIE失败，因为已取消地图保存
[2018.12.01-18.33.19:876][189]PIE: Warning: PIE失败，因为已取消地图保存
[2018.12.01-18.33.23:078][273]LogTemp: Repeating last play command: 模拟
[2018.12.01-18.33.23:206][273]LogBlueprintUserMessages: Early PlayInEditor Detection: Level '/Game/FirstPersonBP/Maps/FirstPersonExampleMap.FirstPersonExampleMap:PersistentLevel' has LevelScriptBlueprint '/Game/FirstPersonBP/Maps/FirstPersonExampleMap.FirstPersonExampleMap:PersistentLevel.FirstPersonExampleMap' with GeneratedClass '/Game/FirstPersonBP/Maps/FirstPersonExampleMap.FirstPersonExampleMap_C' with ClassGeneratedBy '/Game/FirstPersonBP/Maps/FirstPersonExampleMap.FirstPersonExampleMap:PersistentLevel.FirstPersonExampleMap'
[2018.12.01-18.33.23:206][273]LogPlayLevel: PlayLevel: No blueprints needed recompiling
[2018.12.01-18.33.23:206][273]PIE: New page: SIE 会话: FirstPersonExampleMap (2018年12月1日 上午8:33:23)
[2018.12.01-18.33.23:206][273]LogPlayLevel: Creating play world package: /Game/FirstPersonBP/Maps/UEDPIE_0_FirstPersonExampleMap
[2018.12.01-18.33.23:243][273]LogPlayLevel: PIE: StaticDuplicateObject took: (0.035849s)
[2018.12.01-18.33.23:244][273]LogAIModule: Creating AISystem for world FirstPersonExampleMap
[2018.12.01-18.33.23:244][273]LogPlayLevel: PIE: World Init took: (0.001215s)
[2018.12.01-18.33.23:244][273]LogPlayLevel: PIE: Created PIE world by copying editor world from /Game/FirstPersonBP/Maps/FirstPersonExampleMap.FirstPersonExampleMap to /Game/FirstPersonBP/Maps/UEDPIE_0_FirstPersonExampleMap.FirstPersonExampleMap (0.037407s)
[2018.12.01-18.33.23:297][273]LogInit: XAudio2 using '扬声器 (Realtek High Definition Audio(SST))' : 2 channels at 48 kHz using 32 bits per sample (channel mask 0x3)
[2018.12.01-18.33.23:321][273]LogInit: FAudioDevice initialized.
[2018.12.01-18.33.23:405][273]LogLoad: Game class is 'FirstPersonGameMode_C'
[2018.12.01-18.33.23:447][273]LogWorld: Bringing World /Game/FirstPersonBP/Maps/UEDPIE_0_FirstPersonExampleMap.FirstPersonExampleMap up for play (max tick rate 60) at 2018.12.01-13.33.23
[2018.12.01-18.33.23:447][273]LogWorld: Bringing up level for play took: 0.038301
[2018.12.01-18.33.23:461][273]LogGameMode: FindPlayerStart: PATHS NOT DEFINED or NO PLAYERSTART with positive rating
[2018.12.01-18.33.23:466][273]PIE: /Game/FirstPersonBP/Maps/UEDPIE_0_FirstPersonExampleMap的‘在编辑器中播放’的起始时间0.997
[2018.12.01-18.33.23:486][273]LogBlueprintUserMessages: Late PlayInEditor Detection: Level '/Game/FirstPersonBP/Maps/FirstPersonExampleMap.FirstPersonExampleMap:PersistentLevel' has LevelScriptBlueprint '/Game/FirstPersonBP/Maps/FirstPersonExampleMap.FirstPersonExampleMap:PersistentLevel.FirstPersonExampleMap' with GeneratedClass '/Game/FirstPersonBP/Maps/FirstPersonExampleMap.FirstPersonExampleMap_C' with ClassGeneratedBy '/Game/FirstPersonBP/Maps/FirstPersonExampleMap.FirstPersonExampleMap:PersistentLevel.FirstPersonExampleMap'
[2018.12.01-18.33.24:761][290]LogEditorViewport: Clicking on Actor (LMB): StaticMeshActor (HouseModel_01_Roof)
[2018.12.01-18.33.24:914][290]LogEditorViewport: Clicking on Component (LMB): StaticMeshComponent (StaticMeshComponent0)
[2018.12.01-18.33.26:433][309]LogEditorViewport: Clicking on Actor (LMB): Landscape (Landscape)
[2018.12.01-18.33.26:526][309]LogEditorViewport: Clicking on Actor (double click): Landscape (Landscape)
[2018.12.01-18.33.27:612][325]LogSlate: FSceneViewport::OnFocusLost() reason 0
[2018.12.01-18.33.44:980][643]LogBlueprintUserMessages: Early EndPlayMap Detection: Level '/Game/FirstPersonBP/Maps/FirstPersonExampleMap.FirstPersonExampleMap:PersistentLevel' has LevelScriptBlueprint '/Game/FirstPersonBP/Maps/FirstPersonExampleMap.FirstPersonExampleMap:PersistentLevel.FirstPersonExampleMap' with GeneratedClass '/Game/FirstPersonBP/Maps/FirstPersonExampleMap.FirstPersonExampleMap_C' with ClassGeneratedBy '/Game/FirstPersonBP/Maps/FirstPersonExampleMap.FirstPersonExampleMap:PersistentLevel.FirstPersonExampleMap'
[2018.12.01-18.33.44:981][643]LogSlate: Updating window title bar state: overlay mode, drag disabled, window buttons hidden, title bar hidden
[2018.12.01-18.33.45:075][643]LogPlayLevel: Display: Shutting down PIE online subsystems
[2018.12.01-18.33.45:075][643]LogBlueprintUserMessages: Late EndPlayMap Detection: Level '/Game/FirstPersonBP/Maps/FirstPersonExampleMap.FirstPersonExampleMap:PersistentLevel' has LevelScriptBlueprint '/Game/FirstPersonBP/Maps/FirstPersonExampleMap.FirstPersonExampleMap:PersistentLevel.FirstPersonExampleMap' with GeneratedClass '/Game/FirstPersonBP/Maps/FirstPersonExampleMap.FirstPersonExampleMap_C' with ClassGeneratedBy '/Game/FirstPersonBP/Maps/FirstPersonExampleMap.FirstPersonExampleMap:PersistentLevel.FirstPersonExampleMap'
[2018.12.01-18.33.45:150][643]LogSlate: Updating window title bar state: overlay mode, drag disabled, window buttons hidden, title bar hidden
[2018.12.01-18.33.45:313][644]LogPlayLevel: Display: Destroying online subsystem :Context_6
[2018.12.01-18.33.50:998][732]LogSlate: FSceneViewport::OnFocusLost() reason 0
[2018.12.01-18.33.52:703][759]LogEditorViewport: Clicking on Actor (LMB): StaticMeshActor (HouseModel_01_Roof)
[2018.12.01-18.33.53:600][771]LogSlate: FSceneViewport::OnFocusLost() reason 0
[2018.12.01-18.33.53:796][774]LogTemp: Repeating last play command: 模拟
[2018.12.01-18.33.53:942][774]LogBlueprintUserMessages: Early PlayInEditor Detection: Level '/Game/FirstPersonBP/Maps/FirstPersonExampleMap.FirstPersonExampleMap:PersistentLevel' has LevelScriptBlueprint '/Game/FirstPersonBP/Maps/FirstPersonExampleMap.FirstPersonExampleMap:PersistentLevel.FirstPersonExampleMap' with GeneratedClass '/Game/FirstPersonBP/Maps/FirstPersonExampleMap.FirstPersonExampleMap_C' with ClassGeneratedBy '/Game/FirstPersonBP/Maps/FirstPersonExampleMap.FirstPersonExampleMap:PersistentLevel.FirstPersonExampleMap'
[2018.12.01-18.33.53:942][774]BlueprintLog: New page: 运行前自动重新编译
[2018.12.01-18.33.53:979][774]LogPlayLevel: [PlayLevel] Compiling FirstPersonCharacter before play...
[2018.12.01-18.33.54:229][774]LogPlayLevel: PlayLevel: Blueprint regeneration took 287 ms (1 blueprints)
[2018.12.01-18.33.54:229][774]PIE: New page: SIE 会话: FirstPersonExampleMap (2018年12月1日 上午8:33:54)
[2018.12.01-18.33.54:230][774]LogPlayLevel: Creating play world package: /Game/FirstPersonBP/Maps/UEDPIE_0_FirstPersonExampleMap
[2018.12.01-18.33.54:260][774]LogPlayLevel: PIE: StaticDuplicateObject took: (0.029791s)
[2018.12.01-18.33.54:261][774]LogAIModule: Creating AISystem for world FirstPersonExampleMap
[2018.12.01-18.33.54:261][774]LogPlayLevel: PIE: World Init took: (0.001465s)
[2018.12.01-18.33.54:261][774]LogPlayLevel: PIE: Created PIE world by copying editor world from /Game/FirstPersonBP/Maps/FirstPersonExampleMap.FirstPersonExampleMap to /Game/FirstPersonBP/Maps/UEDPIE_0_FirstPersonExampleMap.FirstPersonExampleMap (0.031568s)
[2018.12.01-18.33.54:317][774]LogInit: XAudio2 using '扬声器 (Realtek High Definition Audio(SST))' : 2 channels at 48 kHz using 32 bits per sample (channel mask 0x3)
[2018.12.01-18.33.54:341][774]LogInit: FAudioDevice initialized.
[2018.12.01-18.33.54:389][774]LogLoad: Game class is 'FirstPersonGameMode_C'
[2018.12.01-18.33.54:428][774]LogWorld: Bringing World /Game/FirstPersonBP/Maps/UEDPIE_0_FirstPersonExampleMap.FirstPersonExampleMap up for play (max tick rate 60) at 2018.12.01-13.33.54
[2018.12.01-18.33.54:429][774]LogWorld: Bringing up level for play took: 0.036065
[2018.12.01-18.33.54:443][774]LogGameMode: FindPlayerStart: PATHS NOT DEFINED or NO PLAYERSTART with positive rating
[2018.12.01-18.33.54:450][774]PIE: /Game/FirstPersonBP/Maps/UEDPIE_0_FirstPersonExampleMap的‘在编辑器中播放’的起始时间-0.019
[2018.12.01-18.33.54:506][774]LogBlueprintUserMessages: Late PlayInEditor Detection: Level '/Game/FirstPersonBP/Maps/FirstPersonExampleMap.FirstPersonExampleMap:PersistentLevel' has LevelScriptBlueprint '/Game/FirstPersonBP/Maps/FirstPersonExampleMap.FirstPersonExampleMap:PersistentLevel.FirstPersonExampleMap' with GeneratedClass '/Game/FirstPersonBP/Maps/FirstPersonExampleMap.FirstPersonExampleMap_C' with ClassGeneratedBy '/Game/FirstPersonBP/Maps/FirstPersonExampleMap.FirstPersonExampleMap:PersistentLevel.FirstPersonExampleMap'
[2018.12.01-18.33.55:818][790]LogEditorViewport: Clicking on Actor (LMB): Landscape (Landscape)
[2018.12.01-18.33.55:883][790]LogEditorViewport: Clicking on Actor (double click): Landscape (Landscape)
[2018.12.01-18.33.57:515][812]LogSlate: FSceneViewport::OnFocusLost() reason 0
[2018.12.01-18.34.58:473][930]LogBlueprintUserMessages: Early EndPlayMap Detection: Level '/Game/FirstPersonBP/Maps/FirstPersonExampleMap.FirstPersonExampleMap:PersistentLevel' has LevelScriptBlueprint '/Game/FirstPersonBP/Maps/FirstPersonExampleMap.FirstPersonExampleMap:PersistentLevel.FirstPersonExampleMap' with GeneratedClass '/Game/FirstPersonBP/Maps/FirstPersonExampleMap.FirstPersonExampleMap_C' with ClassGeneratedBy '/Game/FirstPersonBP/Maps/FirstPersonExampleMap.FirstPersonExampleMap:PersistentLevel.FirstPersonExampleMap'
[2018.12.01-18.34.58:474][930]LogSlate: Updating window title bar state: overlay mode, drag disabled, window buttons hidden, title bar hidden
[2018.12.01-18.34.58:580][930]LogPlayLevel: Display: Shutting down PIE online subsystems
[2018.12.01-18.34.58:581][930]LogBlueprintUserMessages: Late EndPlayMap Detection: Level '/Game/FirstPersonBP/Maps/FirstPersonExampleMap.FirstPersonExampleMap:PersistentLevel' has LevelScriptBlueprint '/Game/FirstPersonBP/Maps/FirstPersonExampleMap.FirstPersonExampleMap:PersistentLevel.FirstPersonExampleMap' with GeneratedClass '/Game/FirstPersonBP/Maps/FirstPersonExampleMap.FirstPersonExampleMap_C' with ClassGeneratedBy '/Game/FirstPersonBP/Maps/FirstPersonExampleMap.FirstPersonExampleMap:PersistentLevel.FirstPersonExampleMap'
[2018.12.01-18.34.58:673][930]LogSlate: Updating window title bar state: overlay mode, drag disabled, window buttons hidden, title bar hidden
[2018.12.01-18.34.58:698][931]LogPlayLevel: Display: Destroying online subsystem :Context_7
[2018.12.01-18.35.13:741][986]LogSlate: FSceneViewport::OnFocusLost() reason 2
[2018.12.01-18.35.20:436][ 81]LogSlate: Window 'FirstPersonCharacter*' being destroyed
[2018.12.01-18.35.22:744][ 97]LogSlate: Window 'FirstPersonCharacter*' being destroyed
[2018.12.01-18.35.22:785][ 98]LogRenderer: Reallocating scene render targets to support 1596x712 Format 9 NumSamples 1 (Frame:7267).
[2018.12.01-18.35.25:825][167]LogTemp: Repeating last play command: 模拟
[2018.12.01-18.35.26:103][167]LogBlueprintUserMessages: Early PlayInEditor Detection: Level '/Game/FirstPersonBP/Maps/FirstPersonExampleMap.FirstPersonExampleMap:PersistentLevel' has LevelScriptBlueprint '/Game/FirstPersonBP/Maps/FirstPersonExampleMap.FirstPersonExampleMap:PersistentLevel.FirstPersonExampleMap' with GeneratedClass '/Game/FirstPersonBP/Maps/FirstPersonExampleMap.FirstPersonExampleMap_C' with ClassGeneratedBy '/Game/FirstPersonBP/Maps/FirstPersonExampleMap.FirstPersonExampleMap:PersistentLevel.FirstPersonExampleMap'
[2018.12.01-18.35.26:103][167]LogPlayLevel: PlayLevel: No blueprints needed recompiling
[2018.12.01-18.35.26:103][167]PIE: New page: SIE 会话: FirstPersonExampleMap (2018年12月1日 上午8:35:26)
[2018.12.01-18.35.26:103][167]LogPlayLevel: Creating play world package: /Game/FirstPersonBP/Maps/UEDPIE_0_FirstPersonExampleMap
[2018.12.01-18.35.26:140][167]LogPlayLevel: PIE: StaticDuplicateObject took: (0.035005s)
[2018.12.01-18.35.26:140][167]LogAIModule: Creating AISystem for world FirstPersonExampleMap
[2018.12.01-18.35.26:141][167]LogPlayLevel: PIE: World Init took: (0.001693s)
[2018.12.01-18.35.26:141][167]LogPlayLevel: PIE: Created PIE world by copying editor world from /Game/FirstPersonBP/Maps/FirstPersonExampleMap.FirstPersonExampleMap to /Game/FirstPersonBP/Maps/UEDPIE_0_FirstPersonExampleMap.FirstPersonExampleMap (0.037124s)
[2018.12.01-18.35.26:196][167]LogInit: XAudio2 using '扬声器 (Realtek High Definition Audio(SST))' : 2 channels at 48 kHz using 32 bits per sample (channel mask 0x3)
[2018.12.01-18.35.26:222][167]LogInit: FAudioDevice initialized.
[2018.12.01-18.35.26:273][167]LogLoad: Game class is 'FirstPersonGameMode_C'
[2018.12.01-18.35.26:312][167]LogWorld: Bringing World /Game/FirstPersonBP/Maps/UEDPIE_0_FirstPersonExampleMap.FirstPersonExampleMap up for play (max tick rate 60) at 2018.12.01-13.35.26
[2018.12.01-18.35.26:314][167]LogWorld: Bringing up level for play took: 0.037466
[2018.12.01-18.35.26:327][167]LogGameMode: FindPlayerStart: PATHS NOT DEFINED or NO PLAYERSTART with positive rating
[2018.12.01-18.35.26:328][167]PIE: /Game/FirstPersonBP/Maps/UEDPIE_0_FirstPersonExampleMap的‘在编辑器中播放’的起始时间-0.14
[2018.12.01-18.35.26:331][167]LogBlueprintUserMessages: Late PlayInEditor Detection: Level '/Game/FirstPersonBP/Maps/FirstPersonExampleMap.FirstPersonExampleMap:PersistentLevel' has LevelScriptBlueprint '/Game/FirstPersonBP/Maps/FirstPersonExampleMap.FirstPersonExampleMap:PersistentLevel.FirstPersonExampleMap' with GeneratedClass '/Game/FirstPersonBP/Maps/FirstPersonExampleMap.FirstPersonExampleMap_C' with ClassGeneratedBy '/Game/FirstPersonBP/Maps/FirstPersonExampleMap.FirstPersonExampleMap:PersistentLevel.FirstPersonExampleMap'
[2018.12.01-18.36.09:708][329]LogBlueprintUserMessages: Early EndPlayMap Detection: Level '/Game/FirstPersonBP/Maps/FirstPersonExampleMap.FirstPersonExampleMap:PersistentLevel' has LevelScriptBlueprint '/Game/FirstPersonBP/Maps/FirstPersonExampleMap.FirstPersonExampleMap:PersistentLevel.FirstPersonExampleMap' with GeneratedClass '/Game/FirstPersonBP/Maps/FirstPersonExampleMap.FirstPersonExampleMap_C' with ClassGeneratedBy '/Game/FirstPersonBP/Maps/FirstPersonExampleMap.FirstPersonExampleMap:PersistentLevel.FirstPersonExampleMap'
[2018.12.01-18.36.09:709][329]LogSlate: Updating window title bar state: overlay mode, drag disabled, window buttons hidden, title bar hidden
[2018.12.01-18.36.09:774][329]LogPlayLevel: Display: Shutting down PIE online subsystems
[2018.12.01-18.36.09:774][329]LogBlueprintUserMessages: Late EndPlayMap Detection: Level '/Game/FirstPersonBP/Maps/FirstPersonExampleMap.FirstPersonExampleMap:PersistentLevel' has LevelScriptBlueprint '/Game/FirstPersonBP/Maps/FirstPersonExampleMap.FirstPersonExampleMap:PersistentLevel.FirstPersonExampleMap' with GeneratedClass '/Game/FirstPersonBP/Maps/FirstPersonExampleMap.FirstPersonExampleMap_C' with ClassGeneratedBy '/Game/FirstPersonBP/Maps/FirstPersonExampleMap.FirstPersonExampleMap:PersistentLevel.FirstPersonExampleMap'
[2018.12.01-18.36.09:877][329]LogSlate: Updating window title bar state: overlay mode, drag disabled, window buttons hidden, title bar hidden
[2018.12.01-18.36.09:950][330]LogPlayLevel: Display: Destroying online subsystem :Context_8
[2018.12.01-18.40.01:544][ 30]LogSavePackage: Moving 'D:/GitHub/CodenameWildfire/CodenameWildfire/Saved/FirstPersonExampleMap_Auto2770443F04A2A660F5E5921A01056D106.tmp' to 'D:/GitHub/CodenameWildfire/CodenameWildfire/Saved/Autosaves/Game/FirstPersonBP/Maps/FirstPersonExampleMap_Auto2.umap'
[2018.12.01-18.40.01:557][ 30]LogFileHelpers: Editor autosave (incl. sublevels) for '/Game/FirstPersonBP/Maps/FirstPersonExampleMap' took 1.160
[2018.12.01-18.40.01:557][ 30]LogFileHelpers: Editor autosave (incl. sublevels) for all levels took 1.160
[2018.12.01-18.40.01:563][ 30]OBJ SavePackage: Generating thumbnails for [0] asset(s) in package [/Game/FirstPersonBP/Blueprints/FirstPersonCharacter] ([1] browsable assets)...
[2018.12.01-18.40.01:563][ 30]OBJ SavePackage: Finished generating thumbnails for package [/Game/FirstPersonBP/Blueprints/FirstPersonCharacter]
[2018.12.01-18.40.01:833][ 30]LogSavePackage: Moving 'D:/GitHub/CodenameWildfire/CodenameWildfire/Saved/FirstPersonCharacter_Auto2EA2D9B2745BAC0C78EB965B4730144E0.tmp' to 'D:/GitHub/CodenameWildfire/CodenameWildfire/Saved/Autosaves/Game/FirstPersonBP/Blueprints/FirstPersonCharacter_Auto2.uasset'
[2018.12.01-18.40.01:839][ 30]LogFileHelpers: Auto-saving content packages took 0.277
[2018.12.01-18.41.27:307][294]LogEditorViewport: Clicking on Actor (LMB): StaticMeshActor (Cube11)
[2018.12.01-18.41.29:211][313]LogSlate: FSceneViewport::OnFocusLost() reason 0
[2018.12.01-18.45.41:006][819]LogSavePackage: Moving 'D:/GitHub/CodenameWildfire/CodenameWildfire/Saved/FirstPersonCharacterE0AB135B4617A198116B5E9334E928A0.tmp' to 'D:/GitHub/CodenameWildfire/CodenameWildfire/Content/FirstPersonBP/Blueprints/FirstPersonCharacter.uasset'
[2018.12.01-18.45.42:029][871]BlueprintLog: New page: 编译FirstPersonCharacter
[2018.12.01-18.45.47:586][924]LogSlate: Window '保存内容' being destroyed
[2018.12.01-18.45.47:618][924]LogPlayLevel: Warning: PIE失败，因为已取消地图保存
[2018.12.01-18.45.47:619][924]PIE: Warning: PIE失败，因为已取消地图保存
[2018.12.01-18.45.54:018][192]LogTemp: Repeating last play command: 模拟
[2018.12.01-18.45.54:292][192]LogBlueprintUserMessages: Early PlayInEditor Detection: Level '/Game/FirstPersonBP/Maps/FirstPersonExampleMap.FirstPersonExampleMap:PersistentLevel' has LevelScriptBlueprint '/Game/FirstPersonBP/Maps/FirstPersonExampleMap.FirstPersonExampleMap:PersistentLevel.FirstPersonExampleMap' with GeneratedClass '/Game/FirstPersonBP/Maps/FirstPersonExampleMap.FirstPersonExampleMap_C' with ClassGeneratedBy '/Game/FirstPersonBP/Maps/FirstPersonExampleMap.FirstPersonExampleMap:PersistentLevel.FirstPersonExampleMap'
[2018.12.01-18.45.54:292][192]LogPlayLevel: PlayLevel: No blueprints needed recompiling
[2018.12.01-18.45.54:292][192]PIE: New page: SIE 会话: FirstPersonExampleMap (2018年12月1日 上午8:45:54)
[2018.12.01-18.45.54:292][192]LogPlayLevel: Creating play world package: /Game/FirstPersonBP/Maps/UEDPIE_0_FirstPersonExampleMap
[2018.12.01-18.45.54:326][192]LogPlayLevel: PIE: StaticDuplicateObject took: (0.033491s)
[2018.12.01-18.45.54:327][192]LogAIModule: Creating AISystem for world FirstPersonExampleMap
[2018.12.01-18.45.54:327][192]LogPlayLevel: PIE: World Init took: (0.001653s)
[2018.12.01-18.45.54:327][192]LogPlayLevel: PIE: Created PIE world by copying editor world from /Game/FirstPersonBP/Maps/FirstPersonExampleMap.FirstPersonExampleMap to /Game/FirstPersonBP/Maps/UEDPIE_0_FirstPersonExampleMap.FirstPersonExampleMap (0.035521s)
[2018.12.01-18.45.54:380][192]LogInit: XAudio2 using '扬声器 (Realtek High Definition Audio(SST))' : 2 channels at 48 kHz using 32 bits per sample (channel mask 0x3)
[2018.12.01-18.45.54:406][192]LogInit: FAudioDevice initialized.
[2018.12.01-18.45.54:453][192]LogLoad: Game class is 'FirstPersonGameMode_C'
[2018.12.01-18.45.54:492][192]LogWorld: Bringing World /Game/FirstPersonBP/Maps/UEDPIE_0_FirstPersonExampleMap.FirstPersonExampleMap up for play (max tick rate 60) at 2018.12.01-13.45.54
[2018.12.01-18.45.54:493][192]LogWorld: Bringing up level for play took: 0.037250
[2018.12.01-18.45.54:506][192]LogGameMode: FindPlayerStart: PATHS NOT DEFINED or NO PLAYERSTART with positive rating
[2018.12.01-18.45.54:507][192]PIE: /Game/FirstPersonBP/Maps/UEDPIE_0_FirstPersonExampleMap的‘在编辑器中播放’的起始时间0.039
[2018.12.01-18.45.54:532][192]LogBlueprintUserMessages: Late PlayInEditor Detection: Level '/Game/FirstPersonBP/Maps/FirstPersonExampleMap.FirstPersonExampleMap:PersistentLevel' has LevelScriptBlueprint '/Game/FirstPersonBP/Maps/FirstPersonExampleMap.FirstPersonExampleMap:PersistentLevel.FirstPersonExampleMap' with GeneratedClass '/Game/FirstPersonBP/Maps/FirstPersonExampleMap.FirstPersonExampleMap_C' with ClassGeneratedBy '/Game/FirstPersonBP/Maps/FirstPersonExampleMap.FirstPersonExampleMap:PersistentLevel.FirstPersonExampleMap'
[2018.12.01-18.45.55:701][203]LogEditorViewport: Clicking on Actor (LMB): StaticMeshActor (HouseModel_01_Roof)
[2018.12.01-18.45.55:862][203]LogEditorViewport: Clicking on Component (LMB): StaticMeshComponent (StaticMeshComponent0)
[2018.12.01-18.45.57:401][217]LogSlate: FSceneViewport::OnFocusLost() reason 0
[2018.12.01-18.46.13:173][642]LogBlueprintUserMessages: Early EndPlayMap Detection: Level '/Game/FirstPersonBP/Maps/FirstPersonExampleMap.FirstPersonExampleMap:PersistentLevel' has LevelScriptBlueprint '/Game/FirstPersonBP/Maps/FirstPersonExampleMap.FirstPersonExampleMap:PersistentLevel.FirstPersonExampleMap' with GeneratedClass '/Game/FirstPersonBP/Maps/FirstPersonExampleMap.FirstPersonExampleMap_C' with ClassGeneratedBy '/Game/FirstPersonBP/Maps/FirstPersonExampleMap.FirstPersonExampleMap:PersistentLevel.FirstPersonExampleMap'
[2018.12.01-18.46.13:173][642]LogSlate: Updating window title bar state: overlay mode, drag disabled, window buttons hidden, title bar hidden
[2018.12.01-18.46.13:227][642]LogPlayLevel: Display: Shutting down PIE online subsystems
[2018.12.01-18.46.13:229][642]LogBlueprintUserMessages: Late EndPlayMap Detection: Level '/Game/FirstPersonBP/Maps/FirstPersonExampleMap.FirstPersonExampleMap:PersistentLevel' has LevelScriptBlueprint '/Game/FirstPersonBP/Maps/FirstPersonExampleMap.FirstPersonExampleMap:PersistentLevel.FirstPersonExampleMap' with GeneratedClass '/Game/FirstPersonBP/Maps/FirstPersonExampleMap.FirstPersonExampleMap_C' with ClassGeneratedBy '/Game/FirstPersonBP/Maps/FirstPersonExampleMap.FirstPersonExampleMap:PersistentLevel.FirstPersonExampleMap'
[2018.12.01-18.46.13:311][642]LogSlate: Updating window title bar state: overlay mode, drag disabled, window buttons hidden, title bar hidden
[2018.12.01-18.46.13:368][643]LogPlayLevel: Display: Destroying online subsystem :Context_9
[2018.12.01-18.46.15:701][666]LogEditorViewport: Clicking on Actor (LMB): StaticMeshActor (Cube10)
[2018.12.01-18.46.20:903][718]LogSlate: FSceneViewport::OnFocusLost() reason 0
[2018.12.01-18.46.32:782][849]LogTemp: Repeating last play command: 模拟
[2018.12.01-18.46.33:013][849]LogBlueprintUserMessages: Early PlayInEditor Detection: Level '/Game/FirstPersonBP/Maps/FirstPersonExampleMap.FirstPersonExampleMap:PersistentLevel' has LevelScriptBlueprint '/Game/FirstPersonBP/Maps/FirstPersonExampleMap.FirstPersonExampleMap:PersistentLevel.FirstPersonExampleMap' with GeneratedClass '/Game/FirstPersonBP/Maps/FirstPersonExampleMap.FirstPersonExampleMap_C' with ClassGeneratedBy '/Game/FirstPersonBP/Maps/FirstPersonExampleMap.FirstPersonExampleMap:PersistentLevel.FirstPersonExampleMap'
[2018.12.01-18.46.33:013][849]LogPlayLevel: PlayLevel: No blueprints needed recompiling
[2018.12.01-18.46.33:013][849]PIE: New page: SIE 会话: FirstPersonExampleMap (2018年12月1日 上午8:46:33)
[2018.12.01-18.46.33:013][849]LogPlayLevel: Creating play world package: /Game/FirstPersonBP/Maps/UEDPIE_0_FirstPersonExampleMap
[2018.12.01-18.46.33:051][849]LogPlayLevel: PIE: StaticDuplicateObject took: (0.037571s)
[2018.12.01-18.46.33:052][849]LogAIModule: Creating AISystem for world FirstPersonExampleMap
[2018.12.01-18.46.33:052][849]LogPlayLevel: PIE: World Init took: (0.001473s)
[2018.12.01-18.46.33:053][849]LogPlayLevel: PIE: Created PIE world by copying editor world from /Game/FirstPersonBP/Maps/FirstPersonExampleMap.FirstPersonExampleMap to /Game/FirstPersonBP/Maps/UEDPIE_0_FirstPersonExampleMap.FirstPersonExampleMap (0.039356s)
[2018.12.01-18.46.33:108][849]LogInit: XAudio2 using '扬声器 (Realtek High Definition Audio(SST))' : 2 channels at 48 kHz using 32 bits per sample (channel mask 0x3)
[2018.12.01-18.46.33:137][849]LogInit: FAudioDevice initialized.
[2018.12.01-18.46.33:192][849]LogLoad: Game class is 'FirstPersonGameMode_C'
[2018.12.01-18.46.33:229][849]LogWorld: Bringing World /Game/FirstPersonBP/Maps/UEDPIE_0_FirstPersonExampleMap.FirstPersonExampleMap up for play (max tick rate 60) at 2018.12.01-13.46.33
[2018.12.01-18.46.33:230][849]LogWorld: Bringing up level for play took: 0.034331
[2018.12.01-18.46.33:245][849]LogGameMode: FindPlayerStart: PATHS NOT DEFINED or NO PLAYERSTART with positive rating
[2018.12.01-18.46.33:248][849]PIE: /Game/FirstPersonBP/Maps/UEDPIE_0_FirstPersonExampleMap的‘在编辑器中播放’的起始时间0.779
[2018.12.01-18.46.33:297][849]LogBlueprintUserMessages: Late PlayInEditor Detection: Level '/Game/FirstPersonBP/Maps/FirstPersonExampleMap.FirstPersonExampleMap:PersistentLevel' has LevelScriptBlueprint '/Game/FirstPersonBP/Maps/FirstPersonExampleMap.FirstPersonExampleMap:PersistentLevel.FirstPersonExampleMap' with GeneratedClass '/Game/FirstPersonBP/Maps/FirstPersonExampleMap.FirstPersonExampleMap_C' with ClassGeneratedBy '/Game/FirstPersonBP/Maps/FirstPersonExampleMap.FirstPersonExampleMap:PersistentLevel.FirstPersonExampleMap'
[2018.12.01-18.46.42:259][ 53]LogBlueprintUserMessages: Early EndPlayMap Detection: Level '/Game/FirstPersonBP/Maps/FirstPersonExampleMap.FirstPersonExampleMap:PersistentLevel' has LevelScriptBlueprint '/Game/FirstPersonBP/Maps/FirstPersonExampleMap.FirstPersonExampleMap:PersistentLevel.FirstPersonExampleMap' with GeneratedClass '/Game/FirstPersonBP/Maps/FirstPersonExampleMap.FirstPersonExampleMap_C' with ClassGeneratedBy '/Game/FirstPersonBP/Maps/FirstPersonExampleMap.FirstPersonExampleMap:PersistentLevel.FirstPersonExampleMap'
[2018.12.01-18.46.42:262][ 53]LogSlate: Updating window title bar state: overlay mode, drag disabled, window buttons hidden, title bar hidden
[2018.12.01-18.46.42:325][ 53]LogPlayLevel: Display: Shutting down PIE online subsystems
[2018.12.01-18.46.42:326][ 53]LogBlueprintUserMessages: Late EndPlayMap Detection: Level '/Game/FirstPersonBP/Maps/FirstPersonExampleMap.FirstPersonExampleMap:PersistentLevel' has LevelScriptBlueprint '/Game/FirstPersonBP/Maps/FirstPersonExampleMap.FirstPersonExampleMap:PersistentLevel.FirstPersonExampleMap' with GeneratedClass '/Game/FirstPersonBP/Maps/FirstPersonExampleMap.FirstPersonExampleMap_C' with ClassGeneratedBy '/Game/FirstPersonBP/Maps/FirstPersonExampleMap.FirstPersonExampleMap:PersistentLevel.FirstPersonExampleMap'
[2018.12.01-18.46.42:411][ 53]LogSlate: Updating window title bar state: overlay mode, drag disabled, window buttons hidden, title bar hidden
[2018.12.01-18.46.42:471][ 54]LogPlayLevel: Display: Destroying online subsystem :Context_10
[2018.12.01-18.46.43:990][ 71]LogSlate: FSceneViewport::OnFocusLost() reason 0
[2018.12.01-18.46.44:159][ 73]LogTemp: Repeating last play command: 模拟
[2018.12.01-18.46.44:383][ 73]LogBlueprintUserMessages: Early PlayInEditor Detection: Level '/Game/FirstPersonBP/Maps/FirstPersonExampleMap.FirstPersonExampleMap:PersistentLevel' has LevelScriptBlueprint '/Game/FirstPersonBP/Maps/FirstPersonExampleMap.FirstPersonExampleMap:PersistentLevel.FirstPersonExampleMap' with GeneratedClass '/Game/FirstPersonBP/Maps/FirstPersonExampleMap.FirstPersonExampleMap_C' with ClassGeneratedBy '/Game/FirstPersonBP/Maps/FirstPersonExampleMap.FirstPersonExampleMap:PersistentLevel.FirstPersonExampleMap'
[2018.12.01-18.46.44:383][ 73]LogPlayLevel: PlayLevel: No blueprints needed recompiling
[2018.12.01-18.46.44:383][ 73]PIE: New page: SIE 会话: FirstPersonExampleMap (2018年12月1日 上午8:46:44)
[2018.12.01-18.46.44:384][ 73]LogPlayLevel: Creating play world package: /Game/FirstPersonBP/Maps/UEDPIE_0_FirstPersonExampleMap
[2018.12.01-18.46.44:424][ 73]LogPlayLevel: PIE: StaticDuplicateObject took: (0.039602s)
[2018.12.01-18.46.44:424][ 73]LogAIModule: Creating AISystem for world FirstPersonExampleMap
[2018.12.01-18.46.44:425][ 73]LogPlayLevel: PIE: World Init took: (0.001710s)
[2018.12.01-18.46.44:425][ 73]LogPlayLevel: PIE: Created PIE world by copying editor world from /Game/FirstPersonBP/Maps/FirstPersonExampleMap.FirstPersonExampleMap to /Game/FirstPersonBP/Maps/UEDPIE_0_FirstPersonExampleMap.FirstPersonExampleMap (0.041620s)
[2018.12.01-18.46.44:477][ 73]LogInit: XAudio2 using '扬声器 (Realtek High Definition Audio(SST))' : 2 channels at 48 kHz using 32 bits per sample (channel mask 0x3)
[2018.12.01-18.46.44:501][ 73]LogInit: FAudioDevice initialized.
[2018.12.01-18.46.44:548][ 73]LogLoad: Game class is 'FirstPersonGameMode_C'
[2018.12.01-18.46.44:581][ 73]LogWorld: Bringing World /Game/FirstPersonBP/Maps/UEDPIE_0_FirstPersonExampleMap.FirstPersonExampleMap up for play (max tick rate 60) at 2018.12.01-13.46.44
[2018.12.01-18.46.44:582][ 73]LogWorld: Bringing up level for play took: 0.029620
[2018.12.01-18.46.44:600][ 73]LogGameMode: FindPlayerStart: PATHS NOT DEFINED or NO PLAYERSTART with positive rating
[2018.12.01-18.46.44:606][ 73]PIE: /Game/FirstPersonBP/Maps/UEDPIE_0_FirstPersonExampleMap的‘在编辑器中播放’的起始时间0.138
[2018.12.01-18.46.44:629][ 73]LogBlueprintUserMessages: Late PlayInEditor Detection: Level '/Game/FirstPersonBP/Maps/FirstPersonExampleMap.FirstPersonExampleMap:PersistentLevel' has LevelScriptBlueprint '/Game/FirstPersonBP/Maps/FirstPersonExampleMap.FirstPersonExampleMap:PersistentLevel.FirstPersonExampleMap' with GeneratedClass '/Game/FirstPersonBP/Maps/FirstPersonExampleMap.FirstPersonExampleMap_C' with ClassGeneratedBy '/Game/FirstPersonBP/Maps/FirstPersonExampleMap.FirstPersonExampleMap:PersistentLevel.FirstPersonExampleMap'
[2018.12.01-18.46.47:482][105]LogSlate: FSceneViewport::OnFocusLost() reason 0
[2018.12.01-18.46.56:081][309]LogSlate: FSceneViewport::OnFocusLost() reason 0
[2018.12.01-18.49.23:660][278]LogEditorViewport: Clicking on Actor (LMB): BP_Sky_Sphere_C (SkySphereBlueprint)
[2018.12.01-18.49.41:784][452]LogSlate: FSceneViewport::OnFocusLost() reason 0
[2018.12.01-18.49.53:491][551]LogEditorViewport: Clicking on Actor (LMB): StaticMeshActor (Cube9)
[2018.12.01-18.49.57:415][595]LogSlate: FSceneViewport::OnFocusLost() reason 0
[2018.12.01-18.50.08:579][713]LogBlueprintUserMessages: Early EndPlayMap Detection: Level '/Game/FirstPersonBP/Maps/FirstPersonExampleMap.FirstPersonExampleMap:PersistentLevel' has LevelScriptBlueprint '/Game/FirstPersonBP/Maps/FirstPersonExampleMap.FirstPersonExampleMap:PersistentLevel.FirstPersonExampleMap' with GeneratedClass '/Game/FirstPersonBP/Maps/FirstPersonExampleMap.FirstPersonExampleMap_C' with ClassGeneratedBy '/Game/FirstPersonBP/Maps/FirstPersonExampleMap.FirstPersonExampleMap:PersistentLevel.FirstPersonExampleMap'
[2018.12.01-18.50.08:604][713]LogSlate: Updating window title bar state: overlay mode, drag disabled, window buttons hidden, title bar hidden
[2018.12.01-18.50.08:686][713]LogPlayLevel: Display: Shutting down PIE online subsystems
[2018.12.01-18.50.08:688][713]LogBlueprintUserMessages: Late EndPlayMap Detection: Level '/Game/FirstPersonBP/Maps/FirstPersonExampleMap.FirstPersonExampleMap:PersistentLevel' has LevelScriptBlueprint '/Game/FirstPersonBP/Maps/FirstPersonExampleMap.FirstPersonExampleMap:PersistentLevel.FirstPersonExampleMap' with GeneratedClass '/Game/FirstPersonBP/Maps/FirstPersonExampleMap.FirstPersonExampleMap_C' with ClassGeneratedBy '/Game/FirstPersonBP/Maps/FirstPersonExampleMap.FirstPersonExampleMap:PersistentLevel.FirstPersonExampleMap'
[2018.12.01-18.50.08:781][713]LogSlate: Updating window title bar state: overlay mode, drag disabled, window buttons hidden, title bar hidden
[2018.12.01-18.50.08:800][714]LogPlayLevel: Display: Destroying online subsystem :Context_11
[2018.12.01-18.50.10:994][737]LogEditorViewport: Clicking on Actor (LMB): StaticMeshActor (Cube11)
[2018.12.01-18.50.17:664][806]LogSlate: FSceneViewport::OnFocusLost() reason 0
[2018.12.01-18.53.56:710][557]LogSavePackage: Moving 'D:/GitHub/CodenameWildfire/CodenameWildfire/Saved/FirstPersonExampleMap_Auto3F5E530754FC1E72E60A7109D6FD7908E.tmp' to 'D:/GitHub/CodenameWildfire/CodenameWildfire/Saved/Autosaves/Game/FirstPersonBP/Maps/FirstPersonExampleMap_Auto3.umap'
[2018.12.01-18.53.56:750][557]LogFileHelpers: Editor autosave (incl. sublevels) for '/Game/FirstPersonBP/Maps/FirstPersonExampleMap' took 1.423
[2018.12.01-18.53.56:751][557]LogFileHelpers: Editor autosave (incl. sublevels) for all levels took 1.423
[2018.12.01-18.54.26:585][897]LogEditorViewport: Clicking on Actor (LMB): StaticMeshActor (HouseModel_01_Roof)
[2018.12.01-18.54.28:822][918]LogEditorViewport: Clicking on Actor (LMB): StaticMeshActor (Cube11)
[2018.12.01-18.54.31:012][940]LogSlate: FSceneViewport::OnFocusLost() reason 2
[2018.12.01-18.55.05:571][400]LogEditorViewport: Clicking on Actor (LMB): Landscape (Landscape)
[2018.12.01-18.55.07:578][420]LogEditorViewport: Clicking on Actor (LMB): StaticMeshActor (Cube10)
[2018.12.01-18.55.11:912][464]LogSlate: FSceneViewport::OnFocusLost() reason 2
[2018.12.01-18.55.16:523][551]LogEditorViewport: Clicking on Actor (LMB): Landscape (Landscape)
[2018.12.01-18.55.47:336][862]LogEditorViewport: Clicking on Actor (LMB): FirstPersonCharacter_C (FirstPersonCharacter)
[2018.12.01-18.56.05:767][ 41]LogSlate: FSceneViewport::OnFocusLost() reason 0
[2018.12.01-18.57.19:308][532]LogEditorViewport: Clicking on Actor (LMB): BP_Sky_Sphere_C (SkySphereBlueprint)
[2018.12.01-18.57.45:935][771]LogEditorViewport: Clicking on Actor (LMB): Landscape (Landscape)
[2018.12.01-18.57.47:048][780]LogEditorViewport: Clicking on Actor (LMB): FirstPersonCharacter_C (FirstPersonCharacter)
[2018.12.01-18.57.49:131][797]LogEditorViewport: Clicking on Actor (LMB): Landscape (Landscape)
[2018.12.01-18.57.50:763][811]LogEditorViewport: Clicking on Actor (LMB): Landscape (Landscape)
[2018.12.01-18.57.52:664][828]LogEditorViewport: Clicking on Actor (LMB): Landscape (Landscape)
[2018.12.01-18.57.54:181][841]LogEditorViewport: Clicking on Actor (LMB): FirstPersonCharacter_C (FirstPersonCharacter)
[2018.12.01-18.57.56:366][859]LogEditorViewport: Clicking on Actor (LMB): Landscape (Landscape)
[2018.12.01-18.57.57:912][873]LogEditorViewport: Clicking on Actor (LMB): Landscape (Landscape)
[2018.12.01-18.58.01:659][907]LogEditorViewport: Clicking on Actor (LMB): BP_Sky_Sphere_C (SkySphereBlueprint)
[2018.12.01-18.58.08:002][963]LogEditorViewport: Clicking on Actor (LMB): Landscape (Landscape)
[2018.12.01-18.58.09:716][978]LogEditorViewport: Clicking on Actor (LMB): Landscape (Landscape)
[2018.12.01-18.58.10:833][987]LogEditorViewport: Clicking on Actor (LMB): FirstPersonCharacter_C (FirstPersonCharacter)
[2018.12.01-18.58.18:780][ 65]LogSlate: FSceneViewport::OnFocusLost() reason 0
[2018.12.01-19.01.09:835][ 69]LogEditorViewport: Clicking on Actor (LMB): BP_Sky_Sphere_C (SkySphereBlueprint)
[2018.12.01-19.01.10:162][ 69]LogEditorViewport: Clicking on Actor (LMB): BP_Sky_Sphere_C (SkySphereBlueprint)
[2018.12.01-19.01.11:358][ 73]LogD3D11RHI: Timed out while waiting for GPU to catch up. (0.5 s)
[2018.12.01-19.01.17:472][ 91]LogD3D11RHI: Timed out while waiting for GPU to catch up. (0.5 s)
[2018.12.01-19.26.12:006][123]LogD3D11RHI: Timed out while waiting for GPU to catch up. (0.5 s)
[2018.12.01-19.26.12:360][125]LogHttp: Warning: 000001F4D76B5940: request failed, libcurl error: 6 (Couldn't resolve host name)
[2018.12.01-19.26.12:360][125]LogHttp: Warning: 000001F4D76B5940: libcurl info message cache 0 (Connection 24 seems to be dead!)
[2018.12.01-19.26.12:360][125]LogHttp: Warning: 000001F4D76B5940: libcurl info message cache 1 (Closing connection 24)
[2018.12.01-19.26.12:360][125]LogHttp: Warning: 000001F4D76B5940: libcurl info message cache 2 (Could not resolve host: datarouter.ol.epicgames.com)
[2018.12.01-19.26.12:360][125]LogHttp: Warning: 000001F4D76B5940: libcurl info message cache 3 (Closing connection 25)
