Log file open, 12/12/18 02:22:25
LogWindows: Failed to load 'aqProf.dll' (GetLastError=126)
LogWindows: File 'aqProf.dll' does not exist
LogWindows: Failed to load 'VSPerf140.dll' (GetLastError=126)
LogWindows: File 'VSPerf140.dll' does not exist
LogWindows: Failed to load 'VtuneApi.dll' (GetLastError=126)
LogWindows: File 'VtuneApi.dll' does not exist
LogWindows: Failed to load 'VtuneApi32e.dll' (GetLastError=126)
LogWindows: File 'VtuneApi32e.dll' does not exist
LogInit: Display: Running engine for game: CodenameWildfire
LogPlatformFile: Not using cached read wrapper
LogTaskGraph: Started task graph with 5 named threads and 35 total threads with 3 sets of task threads.
LogStats: Stats thread started at 0.434857
LogD3D11RHI: Loaded GFSDK_Aftermath_Lib.x64.dll
LogICUInternationalization: Display: ICU TimeZone Detection - Raw Offset: -5:00, Platform Override: ''
LogPluginManager: Mounting plugin Paper2D
LogPluginManager: Mounting plugin AISupport
LogPluginManager: Mounting plugin LightPropagationVolume
LogPluginManager: Mounting plugin CLionSourceCodeAccess
LogPluginManager: Mounting plugin CodeLiteSourceCodeAccess
LogPluginManager: Mounting plugin GitSourceControl
LogPluginManager: Mounting plugin KDevelopSourceCodeAccess
LogPluginManager: Mounting plugin NullSourceCodeAccess
LogPluginManager: Mounting plugin PerforceSourceControl
LogPluginManager: Mounting plugin SubversionSourceControl
LogPluginManager: Mounting plugin UObjectPlugin
LogPluginManager: Mounting plugin VisualStudioCodeSourceCodeAccess
LogPluginManager: Mounting plugin VisualStudioSourceCodeAccess
LogPluginManager: Mounting plugin XCodeSourceCodeAccess
LogPluginManager: Mounting plugin AssetManagerEditor
LogPluginManager: Mounting plugin CryptoKeys
LogPluginManager: Mounting plugin DataValidation
LogPluginManager: Mounting plugin FacialAnimation
LogPluginManager: Mounting plugin GameplayTagsEditor
LogPluginManager: Mounting plugin MacGraphicsSwitching
LogPluginManager: Mounting plugin MeshEditor
LogPluginManager: Mounting plugin MobileLauncherProfileWizard
LogPluginManager: Mounting plugin PluginBrowser
LogPluginManager: Mounting plugin SpeedTreeImporter
LogPluginManager: Mounting plugin DatasmithContent
LogPluginManager: Mounting plugin AlembicImporter
LogPluginManager: Mounting plugin AppleImageUtils
LogPluginManager: Mounting plugin AppleVision
LogPluginManager: Mounting plugin BackChannel
LogPluginManager: Mounting plugin CharacterAI
LogPluginManager: Mounting plugin GeometryCache
LogPluginManager: Mounting plugin HTML5Networking
LogPluginManager: Mounting plugin ProxyLODPlugin
LogPluginManager: Mounting plugin MagicLeap
LogPluginManager: Mounting plugin MagicLeapEmulator
LogPluginManager: Mounting plugin MagicLeapMedia
LogPluginManager: Mounting plugin AndroidMedia
LogPluginManager: Mounting plugin AvfMedia
LogPluginManager: Mounting plugin ImgMedia
LogPluginManager: Mounting plugin LinearTimecode
LogPluginManager: Mounting plugin MediaCompositing
LogPluginManager: Mounting plugin MediaPlayerEditor
LogPluginManager: Mounting plugin WmfMedia
LogPluginManager: Mounting plugin TcpMessaging
LogPluginManager: Mounting plugin UdpMessaging
LogPluginManager: Mounting plugin ActorSequence
LogPluginManager: Mounting plugin LevelSequenceEditor
LogPluginManager: Mounting plugin MatineeToLevelSequence
LogPluginManager: Mounting plugin NetcodeUnitTest
LogPluginManager: Mounting plugin NUTUnrealEngine4
LogPluginManager: Mounting plugin OnlineSubsystemGooglePlay
LogPluginManager: Mounting plugin OnlineSubsystemIOS
LogPluginManager: Mounting plugin OnlineSubsystem
LogPluginManager: Mounting plugin OnlineSubsystemNull
LogPluginManager: Mounting plugin OnlineSubsystemUtils
LogPluginManager: Mounting plugin LauncherChunkInstaller
LogPluginManager: Mounting plugin AndroidDeviceProfileSelector
LogPluginManager: Mounting plugin AndroidMoviePlayer
LogPluginManager: Mounting plugin AndroidPermission
LogPluginManager: Mounting plugin AppleMoviePlayer
LogPluginManager: Mounting plugin ArchVisCharacter
LogPluginManager: Mounting plugin AudioCapture
LogPluginManager: Mounting plugin CableComponent
LogPluginManager: Mounting plugin CustomMeshComponent
LogPluginManager: Mounting plugin EditableMesh
LogPluginManager: Mounting plugin ExampleDeviceProfileSelector
LogPluginManager: Mounting plugin GoogleCloudMessaging
LogPluginManager: Mounting plugin ImmediatePhysics
LogPluginManager: Mounting plugin IOSDeviceProfileSelector
LogPluginManager: Mounting plugin LinuxDeviceProfileSelector
LogPluginManager: Mounting plugin LocationServicesBPLibrary
LogPluginManager: Mounting plugin MobilePatchingUtils
LogPluginManager: Mounting plugin OculusVR
LogPluginManager: Plugin shader directory ../../../Engine/Plugins/Runtime/Oculus/OculusVR/Shaders found
LogPluginManager: Mapping shader source directory ../../../Engine/Plugins/Runtime/Oculus/OculusVR/Shaders to virtual directory /Plugin/OculusVR
LogPluginManager: Mounting plugin PhysXVehicles
LogPluginManager: Mounting plugin ProceduralMeshComponent
LogPluginManager: Mounting plugin RuntimePhysXCooking
LogPluginManager: Mounting plugin SteamVR
LogPluginManager: Mounting plugin WindowsMoviePlayer
LogStreaming: Display: Took  0.174s to configure plugins.
LogInit: Using libcurl 7.55.1-DEV
LogInit:  - built for x86_64-pc-win32
LogInit:  - supports SSL with OpenSSL/1.0.2h
LogInit:  - supports HTTP deflate (compression) using libz 1.2.8
LogInit:  - other features:
LogInit:      CURL_VERSION_SSL
LogInit:      CURL_VERSION_LIBZ
LogInit:      CURL_VERSION_IPV6
LogInit:      CURL_VERSION_ASYNCHDNS
LogInit:      CURL_VERSION_LARGEFILE
LogInit:      CURL_VERSION_IDN
LogInit:  CurlRequestOptions (configurable via config and command line):
LogInit:  - bVerifyPeer = false  - Libcurl will NOT verify peer certificate
LogInit:  - bUseHttpProxy = false  - Libcurl will NOT use HTTP proxy
LogInit:  - bDontReuseConnections = false  - Libcurl will reuse connections
LogInit:  - CertBundlePath = nullptr  - Libcurl will use whatever was configured at build time.
LogInit:  - MaxHostConnections = 16  - Libcurl will limit the number of connections to a host
LogInit:  - LocalHostAddr = Default
LogInit:  - BufferSize = 65536
LogInit: WinSock: version 1.1 (2.2), MaxSocks=32767, MaxUdp=65467
LogInit: Build: ++UE4+Release-4.20-CL-4233996
LogInit: Engine Version: 4.20.1-4233996+++UE4+Release-4.20
LogInit: Compatible Engine Version: 4.20.0-4212847+++UE4+Release-4.20
LogInit: Net CL: 4212847
LogInit: OS: Windows 10 (), CPU: Intel(R) Xeon(R) CPU E5-1650 v3 @ 3.50GHz, GPU: NVIDIA GeForce GTX 1080
LogInit: Compiled (64-bit): Jul 26 2018 10:07:30
LogInit: Compiled with Visual C++: 19.13.26129.00
LogInit: Build Configuration: Development
LogInit: Branch Name: ++UE4+Release-4.20
LogInit: Command Line:  
LogInit: Base Directory: C:/Program Files/Epic Games/UE_4.20/Engine/Binaries/Win64/
LogInit: Installed Engine Build: 1
LogDevObjectVersion: Number of dev versions registered: 20
LogDevObjectVersion:   Dev-Blueprints (B0D832E4-1F89-4F0D-ACCF-7EB736FD4AA2): 10
LogDevObjectVersion:   Dev-Build (E1C64328-A22C-4D53-A36C-8E866417BD8C): 0
LogDevObjectVersion:   Dev-Core (375EC13C-06E4-48FB-B500-84F0262A717E): 2
LogDevObjectVersion:   Dev-Editor (E4B068ED-F494-42E9-A231-DA0B2E46BB41): 24
LogDevObjectVersion:   Dev-Framework (CFFC743F-43B0-4480-9391-14DF171D2073): 34
LogDevObjectVersion:   Dev-Mobile (B02B49B5-BB20-44E9-A304-32B752E40360): 2
LogDevObjectVersion:   Dev-Networking (A4E4105C-59A1-49B5-A7C5-40C4547EDFEE): 0
LogDevObjectVersion:   Dev-Online (39C831C9-5AE6-47DC-9A44-9C173E1C8E7C): 0
LogDevObjectVersion:   Dev-Physics (78F01B33-EBEA-4F98-B9B4-84EACCB95AA2): 0
LogDevObjectVersion:   Dev-Platform (6631380F-2D4D-43E0-8009-CF276956A95A): 0
LogDevObjectVersion:   Dev-Rendering (12F88B9F-8875-4AFC-A67C-D90C383ABD29): 26
LogDevObjectVersion:   Dev-Sequencer (7B5AE74C-D270-4C10-A958-57980B212A5A): 9
LogDevObjectVersion:   Dev-VR (D7296918-1DD6-4BDD-9DE2-64A83CC13884): 2
LogDevObjectVersion:   Dev-LoadTimes (C2A15278-BFE7-4AFE-6C17-90FF531DF755): 1
LogDevObjectVersion:   Private-Geometry (6EACA3D4-40EC-4CC1-B786-8BED09428FC5): 3
LogDevObjectVersion:   Dev-AnimPhys (29E575DD-E0A3-4627-9D10-D276232CDCEA): 17
LogDevObjectVersion:   Dev-ReflectionCapture (6B266CEC-1EC7-4B8F-A30B-E4D90942FC07): 1
LogDevObjectVersion:   Dev-Automation (0DF73D61-A23F-47EA-B727-89E90C41499A): 1
LogDevObjectVersion:   FortniteMain (601D1886-AC64-4F84-AA16-D3DE0DEAC7D6): 12
LogDevObjectVersion:   Dev-Enterprise (9DFFBCD6-494F-0158-E221-12823C92A888): 1
LogStreaming: Display: Took  0.000s to delete old logs.
LogInit: Presizing for max 8388607 objects, including 0 objects not considered by GC, pre-allocating 0 bytes for permanent pool.
LogInit: Object subsystem initialized
[2018.12.12-07.22.25:716][  0]LogInit: Selected Device Profile: [Windows]
[2018.12.12-07.22.25:716][  0]LogInit: Applying CVar settings loaded from the selected device profile: [Windows]
[2018.12.12-07.22.25:749][  0]LogHAL: Display: Platform has ~ 32 GB [34278256640 / 34359738368 / 32], which maps to Largest [LargestMinGB=32, LargerMinGB=12, DefaultMinGB=8, SmallerMinGB=6, SmallestMinGB=0)
[2018.12.12-07.22.25:749][  0]LogInit: Setting Device Profile CVar: [[r.Vulkan.UseRealUBs:1]]
[2018.12.12-07.22.25:749][  0]LogInit: Going up to parent DeviceProfile []
[2018.12.12-07.22.25:750][  0]LogInit: Computer: SA2411-PC33
[2018.12.12-07.22.25:750][  0]LogInit: User: otanom
[2018.12.12-07.22.25:750][  0]LogInit: CPU Page size=4096, Cores=6
[2018.12.12-07.22.25:750][  0]LogInit: High frequency timer resolution =3.410074 MHz
[2018.12.12-07.22.25:750][  0]LogMemory: Memory total: Physical=31.9GB (32GB approx)
[2018.12.12-07.22.25:750][  0]LogMemory: Platform Memory Stats for Windows
[2018.12.12-07.22.25:750][  0]LogMemory: Process Physical Memory: 101.58 MB used, 101.58 MB peak
[2018.12.12-07.22.25:750][  0]LogMemory: Process Virtual Memory: 86.11 MB used, 86.11 MB peak
[2018.12.12-07.22.25:750][  0]LogMemory: Physical Memory: 6650.16 MB used,  26040.14 MB free, 32690.29 MB total
[2018.12.12-07.22.25:750][  0]LogMemory: Virtual Memory: 4657.19 MB used,  26040.14 MB free, 134217728.00 MB total
[2018.12.12-07.22.25:774][  0]LogInit: Using OS detected language (en-US).
[2018.12.12-07.22.25:774][  0]LogInit: Using OS detected locale (en-US).
[2018.12.12-07.22.25:775][  0]LogTextLocalizationManager: No specific localization for 'en-US' exists, so the 'en' localization will be used.
[2018.12.12-07.22.26:167][  0]LogStreaming: Display: Took  0.393s to InitEngineTextLocalization.
[2018.12.12-07.22.26:167][  0]LogInit: Setting process to per monitor DPI aware
[2018.12.12-07.22.26:205][  0]LogSlate: New Slate User Created.  User Index 0, Is Virtual User: 0
[2018.12.12-07.22.26:205][  0]LogSlate: Slate User Registered.  User Index 0, Is Virtual User: 0
[2018.12.12-07.22.26:424][  0]LogHMD: Failed to initialize OpenVR with code 110
[2018.12.12-07.22.26:424][  0]LogD3D11RHI: D3D11 adapters:
[2018.12.12-07.22.26:493][  0]LogD3D11RHI:    0. 'NVIDIA GeForce GTX 1080' (Feature Level 11_0)
[2018.12.12-07.22.26:493][  0]LogD3D11RHI:       8079/0/16345 MB DedicatedVideo/DedicatedSystem/SharedSystem, Outputs:2, VendorId:0x10de
[2018.12.12-07.22.26:496][  0]LogD3D11RHI:    1. 'Microsoft Basic Render Driver' (Feature Level 11_0)
[2018.12.12-07.22.26:496][  0]LogD3D11RHI:       0/0/16345 MB DedicatedVideo/DedicatedSystem/SharedSystem, Outputs:0, VendorId:0x1414
[2018.12.12-07.22.26:496][  0]LogD3D11RHI: Chosen D3D11 Adapter: 0
[2018.12.12-07.22.26:503][  0]LogD3D11RHI: Creating new Direct3DDevice
[2018.12.12-07.22.26:503][  0]LogD3D11RHI:     GPU DeviceId: 0x1b80 (for the marketing name, search the web for "GPU Device Id")
[2018.12.12-07.22.26:503][  0]LogWindows: EnumDisplayDevices:
[2018.12.12-07.22.26:503][  0]LogWindows:    0. 'NVIDIA GeForce GTX 1080' (P:1 D:1)
[2018.12.12-07.22.26:504][  0]LogWindows:    1. 'NVIDIA GeForce GTX 1080' (P:0 D:1)
[2018.12.12-07.22.26:504][  0]LogWindows:    2. 'NVIDIA GeForce GTX 1080' (P:0 D:0)
[2018.12.12-07.22.26:504][  0]LogWindows:    3. 'NVIDIA GeForce GTX 1080' (P:0 D:0)
[2018.12.12-07.22.26:504][  0]LogWindows: DebugString: FoundDriverCount:4 
[2018.12.12-07.22.26:505][  0]LogD3D11RHI:     Adapter Name: NVIDIA GeForce GTX 1080
[2018.12.12-07.22.26:505][  0]LogD3D11RHI:   Driver Version: 397.93 (internal:24.21.13.9793, unified:397.93)
[2018.12.12-07.22.26:505][  0]LogD3D11RHI:      Driver Date: 5-22-2018
[2018.12.12-07.22.26:505][  0]LogRHI: Texture pool is 5655 MB (70% of 8079 MB)
[2018.12.12-07.22.26:550][  0]LogD3D11RHI: Async texture creation enabled
[2018.12.12-07.22.26:568][  0]LogD3D11RHI: GPU Timing Frequency: 1000.000000 (Debug: 2 2)
[2018.12.12-07.22.26:657][  0]LogShaderCompilers: Guid format shader working directory is -26 characters bigger than the processId version (../../../../../../Users/otanom/Desktop/CodenameWildfire/CodenameWildfire/Intermediate/Shaders/WorkingDirectory/13024/).
[2018.12.12-07.22.26:658][  0]LogShaderCompilers: Cleaned the shader compiler working directory 'C:/Users/otanom/AppData/Local/Temp/UnrealShaderWorkingDir/E1CE5AC94ABD630AA86B66A3A5E9FDEB/'.
[2018.12.12-07.22.27:019][  0]LogTemp: Display: Loaded TP AllDesktopTargetPlatform
[2018.12.12-07.22.27:034][  0]LogTemp: Display: Loaded TP MacClientTargetPlatform
[2018.12.12-07.22.27:048][  0]LogTemp: Display: Loaded TP MacNoEditorTargetPlatform
[2018.12.12-07.22.27:062][  0]LogTemp: Display: Loaded TP MacServerTargetPlatform
[2018.12.12-07.22.27:077][  0]LogTemp: Display: Loaded TP MacTargetPlatform
[2018.12.12-07.22.27:091][  0]LogTemp: Display: Loaded TP WindowsClientTargetPlatform
[2018.12.12-07.22.27:106][  0]LogTemp: Display: Loaded TP WindowsNoEditorTargetPlatform
[2018.12.12-07.22.27:120][  0]LogTemp: Display: Loaded TP WindowsServerTargetPlatform
[2018.12.12-07.22.27:127][  0]LogTemp: Display: Loaded TP WindowsTargetPlatform
[2018.12.12-07.22.27:219][  0]LogTemp: Display: Loaded TP AndroidTargetPlatform
[2018.12.12-07.22.27:219][  0]LogTemp: Display: Loaded TP AndroidTargetPlatform
[2018.12.12-07.22.27:219][  0]LogTemp: Display: Loaded TP AndroidTargetPlatform
[2018.12.12-07.22.27:219][  0]LogTemp: Display: Loaded TP AndroidTargetPlatform
[2018.12.12-07.22.27:219][  0]LogTemp: Display: Loaded TP AndroidTargetPlatform
[2018.12.12-07.22.27:219][  0]LogTemp: Display: Loaded TP AndroidTargetPlatform
[2018.12.12-07.22.27:219][  0]LogTemp: Display: Loaded TP AndroidTargetPlatform
[2018.12.12-07.22.27:219][  0]LogTemp: Display: Loaded TP AndroidTargetPlatform
[2018.12.12-07.22.27:219][  0]LogTemp: Display: Loaded TP AndroidTargetPlatform
[2018.12.12-07.22.27:219][  0]LogTemp: Display: Loaded TP AndroidTargetPlatform
[2018.12.12-07.22.27:219][  0]LogTemp: Display: Loaded TP AndroidTargetPlatform
[2018.12.12-07.22.27:219][  0]LogTemp: Display: Loaded TP AndroidTargetPlatform
[2018.12.12-07.22.27:219][  0]LogTemp: Display: Loaded TP AndroidTargetPlatform
[2018.12.12-07.22.27:219][  0]LogTemp: Display: Loaded TP AndroidTargetPlatform
[2018.12.12-07.22.27:219][  0]LogTemp: Display: Loaded TP AndroidTargetPlatform
[2018.12.12-07.22.27:219][  0]LogTemp: Display: Loaded TP AndroidTargetPlatform
[2018.12.12-07.22.27:219][  0]LogTemp: Display: Loaded TP AndroidTargetPlatform
[2018.12.12-07.22.27:219][  0]LogTemp: Display: Loaded TP AndroidTargetPlatform
[2018.12.12-07.22.27:221][  0]LogTemp: Display: Loaded TP HTML5TargetPlatform
[2018.12.12-07.22.27:283][  0]LogTemp: Display: Loaded TP IOSTargetPlatform
[2018.12.12-07.22.27:283][  0]LogTemp: Display: Loaded TP IOSTargetPlatform
[2018.12.12-07.22.27:311][  0]LogTemp: Display: Loaded TP TVOSTargetPlatform
[2018.12.12-07.22.27:311][  0]LogTemp: Display: Loaded TP TVOSTargetPlatform
[2018.12.12-07.22.27:323][  0]LogTemp: Display: Loaded TP LinuxClientTargetPlatform
[2018.12.12-07.22.27:335][  0]LogTemp: Display: Loaded TP LinuxNoEditorTargetPlatform
[2018.12.12-07.22.27:348][  0]LogTemp: Display: Loaded TP LinuxServerTargetPlatform
[2018.12.12-07.22.27:361][  0]LogTemp: Display: Loaded TP LinuxTargetPlatform
[2018.12.12-07.22.27:370][  0]LogTemp: Display: Loaded TP LuminTargetPlatform
[2018.12.12-07.22.27:370][  0]LogTargetPlatformManager: Display: Building Assets For Windows
[2018.12.12-07.22.27:456][  0]LogXGEController: Cleaning working directory: C:/Users/otanom/AppData/Local/Temp/UnrealXGEWorkingDir/
[2018.12.12-07.22.27:456][  0]LogXGEController: Cannot use XGE Controller as Incredibuild is not installed on this machine.
[2018.12.12-07.22.27:456][  0]LogShaderCompilers: Cannot use XGE Shader Compiler as Incredibuild is not installed on this machine.
[2018.12.12-07.22.27:456][  0]LogShaderCompilers: Display: Using Local Shader Compiler.
[2018.12.12-07.22.28:305][  0]LogDerivedDataCache: Display: Max Cache Size: 512 MB
[2018.12.12-07.22.28:402][  0]LogDerivedDataCache: Loaded boot cache 0.10s 71MB C:/Users/otanom/AppData/Local/UnrealEngine/4.20/DerivedDataCache/Boot.ddc.
[2018.12.12-07.22.28:403][  0]LogDerivedDataCache: Display: Loaded Boot cache: C:/Users/otanom/AppData/Local/UnrealEngine/4.20/DerivedDataCache/Boot.ddc
[2018.12.12-07.22.28:403][  0]LogDerivedDataCache: FDerivedDataBackendGraph:  Pak pak cache file ../../../../../../Users/otanom/Desktop/CodenameWildfire/CodenameWildfire/DerivedDataCache/DDC.ddp not found, will not use a pak cache.
[2018.12.12-07.22.28:403][  0]LogDerivedDataCache: Unable to find inner node Pak for hierarchical cache Hierarchy.
[2018.12.12-07.22.28:403][  0]LogDerivedDataCache: FDerivedDataBackendGraph:  CompressedPak pak cache file ../../../../../../Users/otanom/Desktop/CodenameWildfire/CodenameWildfire/DerivedDataCache/Compressed.ddp not found, will not use a pak cache.
[2018.12.12-07.22.28:403][  0]LogDerivedDataCache: Unable to find inner node CompressedPak for hierarchical cache Hierarchy.
[2018.12.12-07.22.28:417][  0]LogDerivedDataCache: Display: Pak cache opened for reading ../../../Engine/DerivedDataCache/Compressed.ddp.
[2018.12.12-07.22.28:429][  0]LogDerivedDataCache: Using Local data cache path C:/Users/otanom/AppData/Local/UnrealEngine/Common/DerivedDataCache: Writable
[2018.12.12-07.22.28:429][  0]LogDerivedDataCache: Shared data cache path not found in *engine.ini, will not use an Shared cache.
[2018.12.12-07.22.28:429][  0]LogDerivedDataCache: Unable to find inner node Shared for hierarchical cache Hierarchy.
[2018.12.12-07.22.28:449][  0]LogMaterial: Verifying Global Shaders for PCD3D_SM5
[2018.12.12-07.22.28:450][  0]LogSlate: Using FreeType 2.6.0
[2018.12.12-07.22.28:451][  0]LogSlate: SlateFontServices - WITH_FREETYPE: 1, WITH_HARFBUZZ: 1
[2018.12.12-07.22.28:535][  0]LogAssetRegistry: FAssetRegistry took 0.0267 seconds to start up
[2018.12.12-07.22.28:908][  0]LogInit: Selected Device Profile: [Windows]
[2018.12.12-07.22.29:075][  0]LogSimplygon: Simplygon DLL not present - disabling.
[2018.12.12-07.22.29:080][  0]LogMeshReduction: Using SimplygonSwarm for distributed automatic mesh merging
[2018.12.12-07.22.29:080][  0]LogMeshReduction: Using ProxyLODMeshReduction for automatic mesh merging
[2018.12.12-07.22.29:080][  0]LogMeshReduction: Using QuadricMeshReduction for automatic static mesh reduction
[2018.12.12-07.22.29:080][  0]LogMeshReduction: No automatic skeletal mesh reduction module available
[2018.12.12-07.22.29:100][  0]LogNetVersion: CodenameWildfire 1.0.0, NetCL: 4212847, EngineNetVer: 5, GameNetVer: 0 (Checksum: 1284185897)
[2018.12.12-07.22.29:840][  0]LogPackageLocalizationCache: Processed 11 localized package path(s) for 2 prioritized culture(s) in 0.200974 seconds
[2018.12.12-07.22.29:845][  0]LogUObjectArray: 38425 objects as part of root set at end of initial load.
[2018.12.12-07.22.29:845][  0]LogUObjectAllocator: 6690872 out of 0 bytes used by permanent object pool.
[2018.12.12-07.22.29:845][  0]LogUObjectArray: CloseDisregardForGC: 0/0 objects in disregard for GC pool
[2018.12.12-07.22.30:771][  0]LogTcpMessaging: Initializing TcpMessaging bridge
[2018.12.12-07.22.30:786][  0]LogUdpMessaging: Initializing bridge on interface 0.0.0.0:0 to multicast group 230.0.0.1:6666.
[2018.12.12-07.22.30:943][  0]SourceControl: Source control is disabled
[2018.12.12-07.22.30:943][  0]SourceControl: Source control is disabled
[2018.12.12-07.22.30:945][  0]SourceControl: Source control is disabled
[2018.12.12-07.22.30:946][  0]SourceControl: Source control is disabled
[2018.12.12-07.22.31:134][  0]LogAndroidPermission: UAndroidPermissionCallbackProxy::GetInstance
[2018.12.12-07.22.31:225][  0]LogOcInput: OculusInput pre-init called
[2018.12.12-07.22.31:307][  0]LogEngine: Initializing Engine...
[2018.12.12-07.22.31:308][  0]LogHMD: Failed to initialize OpenVR with code 110
[2018.12.12-07.22.31:309][  0]LogStats: UGameplayTagsManager::ConstructGameplayTagTree: ImportINI prefixes -  0.000 s
[2018.12.12-07.22.31:309][  0]LogStats: UGameplayTagsManager::ConstructGameplayTagTree: Construct from data asset -  0.000 s
[2018.12.12-07.22.31:309][  0]LogStats: UGameplayTagsManager::ConstructGameplayTagTree: ImportINI -  0.000 s
[2018.12.12-07.22.31:309][  0]LogStats: UGameplayTagsManager::ConstructGameplayTagTree: GameplayTagTreeChangedEvent.Broadcast -  0.000 s
[2018.12.12-07.22.31:586][  0]LogInit: Initializing FReadOnlyCVARCache
[2018.12.12-07.22.31:604][  0]LogAIModule: Creating AISystem for world Untitled
[2018.12.12-07.22.31:645][  0]LogInit: XAudio2 using 'Speakers / Headphones (Realtek High Definition Audio)' : 2 channels at 48 kHz using 32 bits per sample (channel mask 0x3)
[2018.12.12-07.22.31:821][  0]LogInit: FAudioDevice initialized.
[2018.12.12-07.22.31:821][  0]LogNetVersion: Set ProjectVersion to 1.0.0.0. Version Checksum will be recalculated on next use.
[2018.12.12-07.22.31:941][  0]LogDerivedDataCache: Saved boot cache 0.12s 71MB C:/Users/otanom/AppData/Local/UnrealEngine/4.20/DerivedDataCache/Boot.ddc.
[2018.12.12-07.22.31:970][  0]LogInit: Texture streaming: Enabled
[2018.12.12-07.22.31:992][  0]LogEngineSessionManager: EngineSessionManager initialized
[2018.12.12-07.22.32:016][  0]LogInit: Transaction tracking system initialized
[2018.12.12-07.22.32:047][  0]BlueprintLog: New page: Editor Load
[2018.12.12-07.22.32:155][  0]LocalizationService: Localization service is disabled
[2018.12.12-07.22.32:511][  0]LogCook: Display: Max memory allowance for cook 16384mb min free memory 0mb
[2018.12.12-07.22.32:511][  0]LogCook: Display: Mobile HDR setting 1
[2018.12.12-07.22.32:511][  0]LogGameplayTags: Display: UGameplayTagsManager::DoneAddingNativeTags. DelegateIsBound: 0
[2018.12.12-07.22.32:511][  0]LogStats: UGameplayTagsManager::ConstructGameplayTagTree: ImportINI prefixes -  0.000 s
[2018.12.12-07.22.32:511][  0]LogStats: UGameplayTagsManager::ConstructGameplayTagTree: Construct from data asset -  0.000 s
[2018.12.12-07.22.32:511][  0]LogStats: UGameplayTagsManager::ConstructGameplayTagTree: ImportINI -  0.000 s
[2018.12.12-07.22.32:511][  0]LogStats: UGameplayTagsManager::ConstructGameplayTagTree: GameplayTagTreeChangedEvent.Broadcast -  0.000 s
[2018.12.12-07.22.32:656][  0]LogFileCache: Scanning file cache for directory 'C:/Users/otanom/Desktop/CodenameWildfire/CodenameWildfire/Content/' took 0.02s
[2018.12.12-07.22.32:656][  0]SourceControl: Source control is disabled
[2018.12.12-07.22.32:656][  0]Cmd: MAP LOAD FILE="../../../../../../Users/otanom/Desktop/CodenameWildfire/CodenameWildfire/Content/FirstPersonBP/Maps/FirstPersonExampleMap.umap" TEMPLATE=0 SHOWPROGRESS=1 FEATURELEVEL=3
[2018.12.12-07.22.32:657][  0]LightingResults: New page: Lighting Build
[2018.12.12-07.22.32:661][  0]MapCheck: New page: Map Check
[2018.12.12-07.22.32:661][  0]LightingResults: New page: Lighting Build
[2018.12.12-07.22.32:934][  0]LogLinker: Warning: Can't find file '/Game/Geometry/Character/KidMode_Rigged'
[2018.12.12-07.22.32:934][  0]LogLinker: Warning: Can't find file for asset '/Game/Geometry/Character/KidMode_Rigged' while loading ../../../../../../Users/otanom/Desktop/CodenameWildfire/CodenameWildfire/Content/FirstPersonBP/Blueprints/Kid.uasset.
[2018.12.12-07.22.32:934][  0]LoadErrors: Error: /Game/FirstPersonBP/Blueprints/Kid : Can't find file for asset. /Game/Geometry/Character/KidMode_Rigged
[2018.12.12-07.22.32:935][  0]LogLinker: Warning: Can't find file '/Game/Geometry/Character/KidMode_Rigged'
[2018.12.12-07.22.32:935][  0]LogLinker: Warning: Can't find file for asset '/Game/Geometry/Character/KidMode_Rigged' while loading ../../../../../../Users/otanom/Desktop/CodenameWildfire/CodenameWildfire/Content/FirstPersonBP/Blueprints/Kid.uasset.
[2018.12.12-07.22.32:935][  0]LoadErrors: Error: /Game/FirstPersonBP/Blueprints/Kid : Can't find file for asset. /Game/Geometry/Character/KidMode_Rigged
[2018.12.12-07.22.32:936][  0]LogLinker: Warning: Can't find file '/Game/Geometry/Character/KidMode_Rigged'
[2018.12.12-07.22.32:936][  0]LogLinker: Warning: Can't find file for asset '/Game/Geometry/Character/KidMode_Rigged' while loading ../../../../../../Users/otanom/Desktop/CodenameWildfire/CodenameWildfire/Content/FirstPersonBP/Maps/FirstPersonExampleMap.umap.
[2018.12.12-07.22.32:936][  0]LoadErrors: Error: /Game/FirstPersonBP/Maps/FirstPersonExampleMap : Can't find file for asset. /Game/Geometry/Character/KidMode_Rigged
[2018.12.12-07.22.32:936][  0]LogLinker: Warning: Can't find file '/Game/Geometry/Character/KidMode_Rigged'
[2018.12.12-07.22.32:937][  0]LogLinker: Warning: Can't find file for asset '/Game/Geometry/Character/KidMode_Rigged' while loading ../../../../../../Users/otanom/Desktop/CodenameWildfire/CodenameWildfire/Content/FirstPersonBP/Maps/FirstPersonExampleMap.umap.
[2018.12.12-07.22.32:937][  0]LoadErrors: Error: /Game/FirstPersonBP/Maps/FirstPersonExampleMap : Can't find file for asset. /Game/Geometry/Character/KidMode_Rigged
[2018.12.12-07.22.32:939][  0]LogLinker: Warning: Can't find file '/Game/Geometry/Character/KidMode_Rigged'
[2018.12.12-07.22.32:940][  0]LoadErrors: Failed to load /Game/Geometry/Character/KidMode_Rigged.KidMode_Rigged Referenced by StaticMesh_GEN_VARIABLE
[2018.12.12-07.22.32:940][  0]LogLinker: Warning: Can't find file for asset '/Game/Geometry/Character/KidMode_Rigged' while loading ../../../../../../Users/otanom/Desktop/CodenameWildfire/CodenameWildfire/Content/FirstPersonBP/Maps/FirstPersonExampleMap.umap.
[2018.12.12-07.22.32:940][  0]LoadErrors: Failed to load /Game/Geometry/Character/KidMode_Rigged.KidMode_Rigged Referenced by StaticMesh_GEN_VARIABLE
[2018.12.12-07.22.32:940][  0]LoadErrors: Error: /Game/FirstPersonBP/Maps/FirstPersonExampleMap : Can't find file for asset. /Game/Geometry/Character/KidMode_Rigged
[2018.12.12-07.22.33:448][  0]LogAIModule: Creating AISystem for world FirstPersonExampleMap
[2018.12.12-07.22.33:521][  0]LogEditorServer: Finished looking for orphan Actors (0.000 secs)
[2018.12.12-07.22.33:572][  0]Cmd: MAP CHECKDEP NOCLEARLOG
[2018.12.12-07.22.33:677][  0]MapCheck: Map check complete: 0 Error(s), 0 Warning(s), took 105.206ms to complete.
[2018.12.12-07.22.33:677][  0]LogFileHelpers: Loading map 'FirstPersonExampleMap' took 1.021
[2018.12.12-07.22.33:818][  0]LogSlate: Updating window title bar state: overlay mode, drag disabled, window buttons hidden, title bar hidden
[2018.12.12-07.22.33:826][  0]LogSlate: Updating window title bar state: overlay mode, drag disabled, window buttons hidden, title bar hidden
[2018.12.12-07.22.33:833][  0]LogSlate: Updating window title bar state: overlay mode, drag disabled, window buttons hidden, title bar hidden
[2018.12.12-07.22.33:841][  0]LogSlate: Updating window title bar state: overlay mode, drag disabled, window buttons hidden, title bar hidden
[2018.12.12-07.22.33:849][  0]LogCollectionManager: Loaded 0 collections in 0.002450 seconds
[2018.12.12-07.22.33:900][  0]LogFileCache: Scanning file cache for directory 'C:/Users/otanom/Desktop/CodenameWildfire/CodenameWildfire/Saved/Collections/' took 0.01s
[2018.12.12-07.22.33:900][  0]LogFileCache: Scanning file cache for directory 'C:/Users/otanom/Desktop/CodenameWildfire/CodenameWildfire/Content/Developers/otanom/Collections/' took 0.01s
[2018.12.12-07.22.33:900][  0]LogFileCache: Scanning file cache for directory 'C:/Users/otanom/Desktop/CodenameWildfire/CodenameWildfire/Content/Collections/' took 0.01s
[2018.12.12-07.22.33:900][  0]LogCollectionManager: Rebuilt the GUID cache for 0 collections in 0.000000 seconds
[2018.12.12-07.22.33:915][  0]LogContentBrowser: Native class hierarchy populated in 0.0150 seconds. Added 2572 classes and 603 folders.
[2018.12.12-07.22.33:927][  0]LogContentBrowser: Native class hierarchy updated for 'WidgetCarousel' in 0.0002 seconds. Added 0 classes and 0 folders.
[2018.12.12-07.22.33:988][  0]LogContentBrowser: Native class hierarchy updated for 'AddContentDialog' in 0.0002 seconds. Added 0 classes and 0 folders.
[2018.12.12-07.22.33:995][  0]LogContentBrowser: Native class hierarchy updated for 'SceneOutliner' in 0.0006 seconds. Added 1 classes and 2 folders.
[2018.12.12-07.22.34:032][  0]LogSlate: Took 0.000242 seconds to synchronously load lazily loaded font '../../../Engine/Content/Slate/Fonts/Roboto-Regular.ttf' (155K)
[2018.12.12-07.22.34:034][  0]LogSlate: Took 0.000194 seconds to synchronously load lazily loaded font '../../../Engine/Content/Slate/Fonts/Roboto-Bold.ttf' (160K)
[2018.12.12-07.22.34:040][  0]LogSlate: Took 0.000242 seconds to synchronously load lazily loaded font '../../../Engine/Content/Editor/Slate/Fonts/FontAwesome.ttf' (139K)
[2018.12.12-07.22.34:120][  0]LogRenderer: Reallocating scene render targets to support 1208x652 Format 10 NumSamples 1 (Frame:1).
[2018.12.12-07.22.34:265][  0]LogSlate: FSceneViewport::OnFocusLost() reason 2
[2018.12.12-07.22.34:285][  0]LogSlate: Window 'Tutorials' being destroyed
[2018.12.12-07.22.34:318][  0]LogContentBrowser: Native class hierarchy updated for 'HierarchicalLODOutliner' in 0.0003 seconds. Added 0 classes and 0 folders.
[2018.12.12-07.22.34:318][  0]LogLoad: (Engine Initialization) Total time: 11.35 seconds
[2018.12.12-07.22.34:318][  0]LogLoad: (Engine Initialization) Total Blueprint compile time: 0.00 seconds
[2018.12.12-07.22.34:328][  0]LogWindowsTextInputMethodSystem: Display: IME system now deactivated.
[2018.12.12-07.22.34:366][  0]LogContentStreaming: Texture pool size now 3000 MB
[2018.12.12-07.22.34:382][  0]LogSlate: FSceneViewport::OnFocusLost() reason 2
[2018.12.12-07.22.34:422][  0]LogSlate: Took 0.000204 seconds to synchronously load lazily loaded font '../../../Engine/Content/Slate/Fonts/Roboto-Light.ttf' (167K)
[2018.12.12-07.22.34:455][  1]LogFileCache: Retrieving MD5 hashes for directory 'C:/Users/otanom/Desktop/CodenameWildfire/CodenameWildfire/Content/' took 0.11s
[2018.12.12-07.22.34:477][  1]LogAssetRegistry: Asset discovery search completed in 5.9650 seconds
[2018.12.12-07.22.34:479][  1]LogCollectionManager: Rebuilt the object cache for 0 collections in 0.000001 seconds (found 0 objects)
[2018.12.12-07.22.34:479][  1]LogCollectionManager: Fixed up redirectors for 0 collections in 0.000047 seconds (updated 0 objects)
[2018.12.12-07.22.35:359][ 87]LogSlate: Took 0.000194 seconds to synchronously load lazily loaded font '../../../Engine/Content/Slate/Fonts/Roboto-Light.ttf' (167K)
[2018.12.12-07.23.51:506][270]AssetReimport: New page: Detailed File System Changes from 2:23:51 AM
[2018.12.12-07.23.51:510][270]AssetReimport: 'C:/Users/otanom/Desktop/CodenameWildfire/CodenameWildfire/Content/TitleGraphic/ashestitle.png' has been created.
[2018.12.12-07.23.51:510][270]AssetReimport: 'C:/Users/otanom/Desktop/CodenameWildfire/CodenameWildfire/Content/TitleGraphic/ashestitle.psd' has been created.
[2018.12.12-07.23.51:510][270]AssetReimport: 'C:/Users/otanom/Desktop/CodenameWildfire/CodenameWildfire/Content/Geometry/ItemModels/Car.fbx' has been created.
[2018.12.12-07.23.51:510][270]AssetReimport: 'C:/Users/otanom/Desktop/CodenameWildfire/CodenameWildfire/Content/Geometry/ItemModels/Glove.fbx' has been created.
[2018.12.12-07.23.51:510][270]AssetReimport: 'C:/Users/otanom/Desktop/CodenameWildfire/CodenameWildfire/Content/Geometry/ItemModels/Nightstand.fbx' has been created.
[2018.12.12-07.23.51:510][270]AssetReimport: 'C:/Users/otanom/Desktop/CodenameWildfire/CodenameWildfire/Content/Geometry/ItemModels/Shower.fbx' has been created.
[2018.12.12-07.23.51:510][270]AssetReimport: 'C:/Users/otanom/Desktop/CodenameWildfire/CodenameWildfire/Content/Geometry/ItemModels/Showerhead.fbx' has been created.
[2018.12.12-07.23.51:510][270]AssetReimport: 'C:/Users/otanom/Desktop/CodenameWildfire/CodenameWildfire/Content/Geometry/ItemModels/Stove.fbx' has been created.
[2018.12.12-07.23.51:510][270]AssetReimport: 'C:/Users/otanom/Desktop/CodenameWildfire/CodenameWildfire/Content/Geometry/ItemModels/Toilet.fbx' has been created.
[2018.12.12-07.23.51:510][270]AssetReimport: 'C:/Users/otanom/Desktop/CodenameWildfire/CodenameWildfire/Content/Geometry/ItemModels/Tub.fbx' has been created.
[2018.12.12-07.23.51:510][270]AssetReimport: 'C:/Users/otanom/Desktop/CodenameWildfire/CodenameWildfire/Content/Geometry/Character/Textures/UVs/GloveUvs.png' has been created.
[2018.12.12-07.23.51:510][270]AssetReimport: 'C:/Users/otanom/Desktop/CodenameWildfire/CodenameWildfire/Content/Geometry/Character/Textures/UVs/Textures/GloveTexture.png' has been created.
[2018.12.12-07.24.06:196][892]LogSlate: Window 'Message Log' being destroyed
[2018.12.12-07.24.06:199][892]LogSlate: Window 'Message Log' being destroyed
[2018.12.12-07.24.07:095][998]LogSlate: FSceneViewport::OnFocusLost() reason 0
[2018.12.12-07.24.07:211][  9]AssetReimport: New page: Outstanding source content changes 9:24:07 PM
[2018.12.12-07.24.07:285][  9]LogEditorFactories: Performing atomic reimport of [C:/Users/otanom/Desktop/CodenameWildfire/CodenameWildfire/Content/TitleGraphic/ashestitle.png]
[2018.12.12-07.24.07:285][  9]LogFactory: FactoryCreateFile: Texture2D with ReimportTextureFactory (0 0 C:/Users/otanom/Desktop/CodenameWildfire/CodenameWildfire/Content/TitleGraphic/ashestitle.png)
[2018.12.12-07.24.07:331][  9]LogEditorFactories: -- imported successfully
[2018.12.12-07.24.07:362][ 10]LogEditorFactories: Performing atomic reimport of [C:/Users/otanom/Desktop/CodenameWildfire/CodenameWildfire/Content/TitleGraphic/ashestitle.psd]
[2018.12.12-07.24.07:363][ 10]LogFactory: FactoryCreateFile: Texture2D with ReimportTextureFactory (0 0 C:/Users/otanom/Desktop/CodenameWildfire/CodenameWildfire/Content/TitleGraphic/ashestitle.psd)
[2018.12.12-07.24.07:430][ 10]LogEditorFactories: -- imported successfully
[2018.12.12-07.24.07:461][ 11]LogFactory: FactoryCreateFile: StaticMesh with FbxFactory (0 0 C:/Users/otanom/Desktop/CodenameWildfire/CodenameWildfire/Content/Geometry/ItemModels/Car.fbx)
[2018.12.12-07.24.07:470][ 11]LogFbx: Loading FBX Scene from C:/Users/otanom/Desktop/CodenameWildfire/CodenameWildfire/Content/Geometry/ItemModels/Car.fbx
[2018.12.12-07.24.07:477][ 11]LogFbx: FBX Scene Loaded Succesfully
[2018.12.12-07.24.15:617][ 11]LogSlate: Window 'FBX Import Options' being destroyed
[2018.12.12-07.24.16:176][ 11]LogStaticMesh: Building static mesh Car...
[2018.12.12-07.24.16:252][ 11]LogStaticMesh: Built static mesh [0.08s] /Game/Geometry/ItemModels/Car.Car
[2018.12.12-07.24.16:283][ 11]LogSlate: FSceneViewport::OnFocusLost() reason 2
[2018.12.12-07.24.16:317][ 12]LogFactory: FactoryCreateFile: StaticMesh with FbxFactory (0 0 C:/Users/otanom/Desktop/CodenameWildfire/CodenameWildfire/Content/Geometry/ItemModels/Stove.fbx)
[2018.12.12-07.24.16:326][ 12]LogFbx: Loading FBX Scene from C:/Users/otanom/Desktop/CodenameWildfire/CodenameWildfire/Content/Geometry/ItemModels/Stove.fbx
[2018.12.12-07.24.16:333][ 12]LogFbx: FBX Scene Loaded Succesfully
[2018.12.12-07.24.22:383][ 12]LogSlate: Window 'FBX Import Options' being destroyed
[2018.12.12-07.24.22:548][ 12]LogStaticMesh: Building static mesh Stove...
[2018.12.12-07.24.22:587][ 12]LogStaticMesh: Built static mesh [0.04s] /Game/Geometry/ItemModels/Stove.Stove
[2018.12.12-07.24.22:635][ 13]LogStaticMesh: Building static mesh Glove...
[2018.12.12-07.24.22:685][ 13]LogStaticMesh: Built static mesh [0.05s] /Game/Geometry/ItemModels/Glove.Glove
[2018.12.12-07.24.22:687][ 13]LogEditorFactories: Performing atomic reimport of [C:/Users/otanom/Desktop/CodenameWildfire/CodenameWildfire/Content/Geometry/ItemModels/Glove.fbx]
[2018.12.12-07.24.22:695][ 13]LogFbx: Loading FBX Scene from C:/Users/otanom/Desktop/CodenameWildfire/CodenameWildfire/Content/Geometry/ItemModels/Glove.fbx
[2018.12.12-07.24.22:701][ 13]LogFbx: FBX Scene Loaded Succesfully
[2018.12.12-07.24.22:773][ 13]LogStaticMesh: Building static mesh Glove...
[2018.12.12-07.24.22:819][ 13]LogStaticMesh: Built static mesh [0.05s] /Game/Geometry/ItemModels/Glove.Glove
[2018.12.12-07.24.22:824][ 13]LogEditorFactories: -- imported successfully
[2018.12.12-07.24.22:859][ 14]LogEditorFactories: Performing atomic reimport of [C:/Users/otanom/Desktop/CodenameWildfire/CodenameWildfire/Content/Geometry/ItemModels/Nightstand.fbx]
[2018.12.12-07.24.22:868][ 14]LogFbx: Loading FBX Scene from C:/Users/otanom/Desktop/CodenameWildfire/CodenameWildfire/Content/Geometry/ItemModels/Nightstand.fbx
[2018.12.12-07.24.22:875][ 14]LogFbx: FBX Scene Loaded Succesfully
[2018.12.12-07.24.22:906][ 14]LogStaticMesh: Building static mesh Nightstand...
[2018.12.12-07.24.22:923][ 14]LogStaticMesh: Built static mesh [0.02s] /Game/Geometry/ItemModels/Nightstand.Nightstand
[2018.12.12-07.24.22:929][ 14]LogEditorFactories: -- imported successfully
[2018.12.12-07.24.22:956][ 15]LogStaticMesh: Building static mesh Shower...
[2018.12.12-07.24.22:958][ 15]LogStaticMesh: Built static mesh [0.00s] /Game/Geometry/ItemModels/Shower.Shower
[2018.12.12-07.24.22:960][ 15]LogEditorFactories: Performing atomic reimport of [C:/Users/otanom/Desktop/CodenameWildfire/CodenameWildfire/Content/Geometry/ItemModels/Shower.fbx]
[2018.12.12-07.24.22:974][ 15]LogFbx: Loading FBX Scene from C:/Users/otanom/Desktop/CodenameWildfire/CodenameWildfire/Content/Geometry/ItemModels/Shower.fbx
[2018.12.12-07.24.22:979][ 15]LogFbx: FBX Scene Loaded Succesfully
[2018.12.12-07.24.22:996][ 15]LogStaticMesh: Building static mesh Shower...
[2018.12.12-07.24.22:997][ 15]LogStaticMesh: Built static mesh [0.00s] /Game/Geometry/ItemModels/Shower.Shower
[2018.12.12-07.24.23:001][ 15]LogEditorFactories: -- imported successfully
[2018.12.12-07.24.23:032][ 16]LogStaticMesh: Building static mesh Showerhead...
[2018.12.12-07.24.23:038][ 16]LogStaticMesh: Built static mesh [0.01s] /Game/Geometry/ItemModels/Showerhead.Showerhead
[2018.12.12-07.24.23:040][ 16]LogEditorFactories: Performing atomic reimport of [C:/Users/otanom/Desktop/CodenameWildfire/CodenameWildfire/Content/Geometry/ItemModels/Showerhead.fbx]
[2018.12.12-07.24.23:049][ 16]LogFbx: Loading FBX Scene from C:/Users/otanom/Desktop/CodenameWildfire/CodenameWildfire/Content/Geometry/ItemModels/Showerhead.fbx
[2018.12.12-07.24.23:054][ 16]LogFbx: FBX Scene Loaded Succesfully
[2018.12.12-07.24.23:084][ 16]LogStaticMesh: Building static mesh Showerhead...
[2018.12.12-07.24.23:088][ 16]LogStaticMesh: Built static mesh [0.00s] /Game/Geometry/ItemModels/Showerhead.Showerhead
[2018.12.12-07.24.23:093][ 16]LogEditorFactories: -- imported successfully
[2018.12.12-07.24.23:126][ 17]LogStaticMesh: Building static mesh Toilet...
[2018.12.12-07.24.23:176][ 17]LogStaticMesh: Built static mesh [0.05s] /Game/Geometry/ItemModels/Toilet.Toilet
[2018.12.12-07.24.23:179][ 17]LogEditorFactories: Performing atomic reimport of [C:/Users/otanom/Desktop/CodenameWildfire/CodenameWildfire/Content/Geometry/ItemModels/Toilet.fbx]
[2018.12.12-07.24.23:187][ 17]LogFbx: Loading FBX Scene from C:/Users/otanom/Desktop/CodenameWildfire/CodenameWildfire/Content/Geometry/ItemModels/Toilet.fbx
[2018.12.12-07.24.23:194][ 17]LogFbx: FBX Scene Loaded Succesfully
[2018.12.12-07.24.23:323][ 17]LogStaticMesh: Building static mesh Toilet...
[2018.12.12-07.24.23:372][ 17]LogStaticMesh: Built static mesh [0.05s] /Game/Geometry/ItemModels/Toilet.Toilet
[2018.12.12-07.24.23:384][ 17]LogEditorFactories: -- imported successfully
[2018.12.12-07.24.23:414][ 18]LogStaticMesh: Building static mesh Tub...
[2018.12.12-07.24.23:417][ 18]LogStaticMesh: Built static mesh [0.00s] /Game/Geometry/ItemModels/Tub.Tub
[2018.12.12-07.24.23:418][ 18]LogEditorFactories: Performing atomic reimport of [C:/Users/otanom/Desktop/CodenameWildfire/CodenameWildfire/Content/Geometry/ItemModels/Tub.fbx]
[2018.12.12-07.24.23:429][ 18]LogFbx: Loading FBX Scene from C:/Users/otanom/Desktop/CodenameWildfire/CodenameWildfire/Content/Geometry/ItemModels/Tub.fbx
[2018.12.12-07.24.23:434][ 18]LogFbx: FBX Scene Loaded Succesfully
[2018.12.12-07.24.23:450][ 18]LogStaticMesh: Building static mesh Tub...
[2018.12.12-07.24.23:451][ 18]LogStaticMesh: Built static mesh [0.00s] /Game/Geometry/ItemModels/Tub.Tub
[2018.12.12-07.24.23:456][ 18]LogEditorFactories: -- imported successfully
[2018.12.12-07.24.24:662][ 19]LogEditorFactories: Performing atomic reimport of [C:/Users/otanom/Desktop/CodenameWildfire/CodenameWildfire/Content/Geometry/Character/Textures/UVs/GloveUvs.png]
[2018.12.12-07.24.24:664][ 19]LogFactory: FactoryCreateFile: Texture2D with ReimportTextureFactory (0 0 C:/Users/otanom/Desktop/CodenameWildfire/CodenameWildfire/Content/Geometry/Character/Textures/UVs/GloveUvs.png)
[2018.12.12-07.24.25:795][ 19]LogEditorFactories: -- imported successfully
[2018.12.12-07.24.26:010][ 20]LogEditorFactories: Performing atomic reimport of [C:/Users/otanom/Desktop/CodenameWildfire/CodenameWildfire/Content/Geometry/Character/Textures/UVs/Textures/GloveTexture.png]
[2018.12.12-07.24.26:011][ 20]LogFactory: FactoryCreateFile: Texture2D with ReimportTextureFactory (0 0 C:/Users/otanom/Desktop/CodenameWildfire/CodenameWildfire/Content/Geometry/Character/Textures/UVs/Textures/GloveTexture.png)
[2018.12.12-07.24.26:303][ 20]LogEditorFactories: -- imported successfully
[2018.12.12-07.24.26:331][ 21]LogSlate: FSceneViewport::OnFocusLost() reason 2
[2018.12.12-07.24.26:386][ 21]Cmd: OBJ SAVEPACKAGE PACKAGE="/Game/Geometry/ItemModels/Car" FILE="../../../../../../Users/otanom/Desktop/CodenameWildfire/CodenameWildfire/Content/Geometry/ItemModels/Car.uasset" SILENT=true
[2018.12.12-07.24.26:408][ 21]LogSavePackage: Moving '../../../../../../Users/otanom/Desktop/CodenameWildfire/CodenameWildfire/Saved/Car4894D5474056A4C4DC83D890A33261AF.tmp' to '../../../../../../Users/otanom/Desktop/CodenameWildfire/CodenameWildfire/Content/Geometry/ItemModels/Car.uasset'
[2018.12.12-07.24.26:445][ 21]Cmd: OBJ SAVEPACKAGE PACKAGE="/Game/Geometry/ItemModels/Stove" FILE="../../../../../../Users/otanom/Desktop/CodenameWildfire/CodenameWildfire/Content/Geometry/ItemModels/Stove.uasset" SILENT=true
[2018.12.12-07.24.26:466][ 21]LogSavePackage: Moving '../../../../../../Users/otanom/Desktop/CodenameWildfire/CodenameWildfire/Saved/Stove1B259430425E4D4D60B43183C3F5772E.tmp' to '../../../../../../Users/otanom/Desktop/CodenameWildfire/CodenameWildfire/Content/Geometry/ItemModels/Stove.uasset'
[2018.12.12-07.24.26:493][ 21]Cmd: OBJ SAVEPACKAGE PACKAGE="/Game/Geometry/ItemModels/Glove" FILE="../../../../../../Users/otanom/Desktop/CodenameWildfire/CodenameWildfire/Content/Geometry/ItemModels/Glove.uasset" SILENT=true
[2018.12.12-07.24.26:521][ 21]LogSavePackage: Moving '../../../../../../Users/otanom/Desktop/CodenameWildfire/CodenameWildfire/Saved/GloveA32AD5EA4E5C6472F2B7E08A8987EEA7.tmp' to '../../../../../../Users/otanom/Desktop/CodenameWildfire/CodenameWildfire/Content/Geometry/ItemModels/Glove.uasset'
[2018.12.12-07.24.26:581][ 21]LogSavePackage: Moving '../../../../../../Users/otanom/Desktop/CodenameWildfire/CodenameWildfire/Saved/Nightstand828B439C4B7FEE3C37C9059163A0965C.tmp' to '../../../../../../Users/otanom/Desktop/CodenameWildfire/CodenameWildfire/Content/Geometry/ItemModels/Nightstand.uasset'
[2018.12.12-07.24.26:614][ 21]Cmd: OBJ SAVEPACKAGE PACKAGE="/Game/Geometry/ItemModels/Shower" FILE="../../../../../../Users/otanom/Desktop/CodenameWildfire/CodenameWildfire/Content/Geometry/ItemModels/Shower.uasset" SILENT=true
[2018.12.12-07.24.26:641][ 21]LogSavePackage: Moving '../../../../../../Users/otanom/Desktop/CodenameWildfire/CodenameWildfire/Saved/Shower8B8512D64103ECEF608B87BCFFE303B1.tmp' to '../../../../../../Users/otanom/Desktop/CodenameWildfire/CodenameWildfire/Content/Geometry/ItemModels/Shower.uasset'
[2018.12.12-07.24.26:695][ 21]LogSavePackage: Moving '../../../../../../Users/otanom/Desktop/CodenameWildfire/CodenameWildfire/Saved/ShowerheadA795880A4D11F593CF434985C2EDA122.tmp' to '../../../../../../Users/otanom/Desktop/CodenameWildfire/CodenameWildfire/Content/Geometry/ItemModels/Showerhead.uasset'
[2018.12.12-07.24.26:726][ 21]Cmd: OBJ SAVEPACKAGE PACKAGE="/Game/Geometry/ItemModels/Toilet" FILE="../../../../../../Users/otanom/Desktop/CodenameWildfire/CodenameWildfire/Content/Geometry/ItemModels/Toilet.uasset" SILENT=true
[2018.12.12-07.24.26:767][ 21]LogSavePackage: Moving '../../../../../../Users/otanom/Desktop/CodenameWildfire/CodenameWildfire/Saved/ToiletB313BB59492E8387DBCFF5A2AD12BB6C.tmp' to '../../../../../../Users/otanom/Desktop/CodenameWildfire/CodenameWildfire/Content/Geometry/ItemModels/Toilet.uasset'
[2018.12.12-07.24.26:797][ 21]Cmd: OBJ SAVEPACKAGE PACKAGE="/Game/Geometry/ItemModels/Tub" FILE="../../../../../../Users/otanom/Desktop/CodenameWildfire/CodenameWildfire/Content/Geometry/ItemModels/Tub.uasset" SILENT=true
[2018.12.12-07.24.26:828][ 21]LogSavePackage: Moving '../../../../../../Users/otanom/Desktop/CodenameWildfire/CodenameWildfire/Saved/Tub74511C2D4A2A9D82B56D7F9A82374877.tmp' to '../../../../../../Users/otanom/Desktop/CodenameWildfire/CodenameWildfire/Content/Geometry/ItemModels/Tub.uasset'
[2018.12.12-07.24.27:055][ 21]LogSavePackage: Moving '../../../../../../Users/otanom/Desktop/CodenameWildfire/CodenameWildfire/Saved/GloveUvs0136375041AC2DC29DEE89809B482375.tmp' to '../../../../../../Users/otanom/Desktop/CodenameWildfire/CodenameWildfire/Content/Geometry/Character/Textures/UVs/GloveUvs.uasset'
[2018.12.12-07.24.27:265][ 21]LogSavePackage: Moving '../../../../../../Users/otanom/Desktop/CodenameWildfire/CodenameWildfire/Saved/GloveTexture777029CB414CB05FD6A22398D41AC47C.tmp' to '../../../../../../Users/otanom/Desktop/CodenameWildfire/CodenameWildfire/Content/Geometry/Character/Textures/UVs/Textures/GloveTexture.uasset'
[2018.12.12-07.24.28:554][157]LogSlate: FSceneViewport::OnFocusLost() reason 0
[2018.12.12-07.24.28:685][173]LogSlate: Window 'Message Log' being destroyed
[2018.12.12-07.24.28:689][173]LogSlate: Window 'Message Log' being destroyed
[2018.12.12-07.24.30:289][362]AssetReimport: Reimported asset ashestitle from C:/Users/otanom/Desktop/CodenameWildfire/CodenameWildfire/Content/TitleGraphic/ashestitle.png.
[2018.12.12-07.24.30:289][362]AssetReimport: Reimported asset ashestitle from C:/Users/otanom/Desktop/CodenameWildfire/CodenameWildfire/Content/TitleGraphic/ashestitle.psd.
[2018.12.12-07.24.30:289][362]AssetReimport: Importing new asset /Game/Geometry/ItemModels/Car.
[2018.12.12-07.24.30:289][362]AssetReimport: Importing new asset /Game/Geometry/ItemModels/Stove.
[2018.12.12-07.24.30:289][362]AssetReimport: Reimported asset Glove from C:/Users/otanom/Desktop/CodenameWildfire/CodenameWildfire/Content/Geometry/ItemModels/Glove.fbx.
[2018.12.12-07.24.30:289][362]AssetReimport: Reimported asset Nightstand from C:/Users/otanom/Desktop/CodenameWildfire/CodenameWildfire/Content/Geometry/ItemModels/Nightstand.fbx.
[2018.12.12-07.24.30:289][362]AssetReimport: Reimported asset Shower from C:/Users/otanom/Desktop/CodenameWildfire/CodenameWildfire/Content/Geometry/ItemModels/Shower.fbx.
[2018.12.12-07.24.30:289][362]AssetReimport: Reimported asset Showerhead from C:/Users/otanom/Desktop/CodenameWildfire/CodenameWildfire/Content/Geometry/ItemModels/Showerhead.fbx.
[2018.12.12-07.24.30:289][362]AssetReimport: Reimported asset Toilet from C:/Users/otanom/Desktop/CodenameWildfire/CodenameWildfire/Content/Geometry/ItemModels/Toilet.fbx.
[2018.12.12-07.24.30:289][362]AssetReimport: Reimported asset Tub from C:/Users/otanom/Desktop/CodenameWildfire/CodenameWildfire/Content/Geometry/ItemModels/Tub.fbx.
[2018.12.12-07.24.30:289][362]AssetReimport: Reimported asset GloveUvs from C:/Users/otanom/Desktop/CodenameWildfire/CodenameWildfire/Content/Geometry/Character/Textures/UVs/GloveUvs.png.
[2018.12.12-07.24.30:289][362]AssetReimport: Reimported asset GloveTexture from C:/Users/otanom/Desktop/CodenameWildfire/CodenameWildfire/Content/Geometry/Character/Textures/UVs/Textures/GloveTexture.png.
[2018.12.12-07.24.31:074][456]LogSlate: FSceneViewport::OnFocusLost() reason 0
[2018.12.12-07.24.32:518][572]LogAIModule: Creating AISystem for world House
[2018.12.12-07.24.32:538][572]LogAssetEditorManager: Opening Asset editor for World /Game/House.House
[2018.12.12-07.24.36:066][572]LogSlate: Window 'Save Content' being destroyed
[2018.12.12-07.24.36:071][572]Cmd: MAP LOAD FILE="../../../../../../Users/otanom/Desktop/CodenameWildfire/CodenameWildfire/Content/House.umap" TEMPLATE=0 SHOWPROGRESS=1 FEATURELEVEL=3
[2018.12.12-07.24.36:073][572]LightingResults: New page: Lighting Build
[2018.12.12-07.24.36:074][572]LoadErrors: New page: Loading map: House.umap
[2018.12.12-07.24.36:076][572]MapCheck: New page: Map Check
[2018.12.12-07.24.36:076][572]LightingResults: New page: Lighting Build
[2018.12.12-07.24.36:139][572]LogEditorServer: Finished looking for orphan Actors (0.000 secs)
[2018.12.12-07.24.36:214][572]Cmd: MAP CHECKDEP NOCLEARLOG
[2018.12.12-07.24.36:363][572]MapCheck: Map check complete: 0 Error(s), 0 Warning(s), took 149.137ms to complete.
[2018.12.12-07.24.36:365][572]LogFileHelpers: Loading map 'House' took 0.296
[2018.12.12-07.24.36:433][572]LoadErrors: Error: /Game/StarterContent/Props/Couch : Failed import for MaterialInstanceConstant /Game/StarterContent/Props/initialShadingGroup.initialShadingGroup Referenced by export StaticMesh /Game/StarterContent/Props/Couch.Couch
[2018.12.12-07.25.36:428][467]LogSlate: FSceneViewport::OnFocusLost() reason 0
[2018.12.12-07.25.51:220][168]LogSlate: FSceneViewport::OnFocusLost() reason 0
[2018.12.12-07.25.51:410][187]LogActorFactory: Actor Factory created Car
[2018.12.12-07.25.52:193][274]LogActorFactory: Actor Factory created Car
[2018.12.12-07.26.06:640][874]LogEditorViewport: Clicking on Actor (LMB): StaticMeshActor (Car)
[2018.12.12-07.26.22:608][605]LogSlate: FSceneViewport::OnFocusLost() reason 2
[2018.12.12-07.26.23:428][698]LogBlueprintUserMessages: Early PlayInEditor Detection: Level '/Game/House.House:PersistentLevel' has LevelScriptBlueprint '/Game/House.House:PersistentLevel.House' with GeneratedClass '/Game/House.House_C' with ClassGeneratedBy '/Game/House.House:PersistentLevel.House'
[2018.12.12-07.26.23:428][698]LogPlayLevel: PlayLevel: No blueprints needed recompiling
[2018.12.12-07.26.23:441][698]PIE: New page: PIE session: House (Dec 11, 2018, 9:26:23 PM)
[2018.12.12-07.26.23:441][698]LogPlayLevel: Creating play world package: /Game/UEDPIE_0_House
[2018.12.12-07.26.23:482][698]LogPlayLevel: PIE: StaticDuplicateObject took: (0.040675s)
[2018.12.12-07.26.23:482][698]LogAIModule: Creating AISystem for world House
[2018.12.12-07.26.23:483][698]LogPlayLevel: PIE: World Init took: (0.000643s)
[2018.12.12-07.26.23:483][698]LogPlayLevel: PIE: Created PIE world by copying editor world from /Game/House.House to /Game/UEDPIE_0_House.House (0.041538s)
[2018.12.12-07.26.23:523][698]LogInit: XAudio2 using 'Speakers / Headphones (Realtek High Definition Audio)' : 2 channels at 48 kHz using 32 bits per sample (channel mask 0x3)
[2018.12.12-07.26.23:549][698]LogInit: FAudioDevice initialized.
[2018.12.12-07.26.23:549][698]LogSlate: FSceneViewport::OnFocusLost() reason 2
[2018.12.12-07.26.23:595][698]LogLoad: Game class is 'FirstPersonGameMode_C'
[2018.12.12-07.26.23:612][698]LogWorld: Bringing World /Game/UEDPIE_0_House.House up for play (max tick rate 0) at 2018.12.12-02.26.23
[2018.12.12-07.26.23:614][698]LogWorld: Bringing up level for play took: 0.015617
[2018.12.12-07.26.23:635][698]LogContentBrowser: Native class hierarchy updated for 'MovieSceneCapture' in 0.0003 seconds. Added 10 classes and 0 folders.
[2018.12.12-07.26.23:637][698]PIE: Play in editor start time for /Game/UEDPIE_0_House 0.52
[2018.12.12-07.26.23:637][698]LogBlueprintUserMessages: Late PlayInEditor Detection: Level '/Game/House.House:PersistentLevel' has LevelScriptBlueprint '/Game/House.House:PersistentLevel.House' with GeneratedClass '/Game/House.House_C' with ClassGeneratedBy '/Game/House.House:PersistentLevel.House'
[2018.12.12-07.26.30:484][503]LogBlueprintUserMessages: Early EndPlayMap Detection: Level '/Game/House.House:PersistentLevel' has LevelScriptBlueprint '/Game/House.House:PersistentLevel.House' with GeneratedClass '/Game/House.House_C' with ClassGeneratedBy '/Game/House.House:PersistentLevel.House'
[2018.12.12-07.26.30:484][503]LogSlate: Updating window title bar state: overlay mode, drag disabled, window buttons hidden, title bar hidden
[2018.12.12-07.26.30:524][503]LogPlayLevel: Display: Shutting down PIE online subsystems
[2018.12.12-07.26.30:525][503]LogBlueprintUserMessages: Late EndPlayMap Detection: Level '/Game/House.House:PersistentLevel' has LevelScriptBlueprint '/Game/House.House:PersistentLevel.House' with GeneratedClass '/Game/House.House_C' with ClassGeneratedBy '/Game/House.House:PersistentLevel.House'
[2018.12.12-07.26.30:568][503]LogSlate: Updating window title bar state: overlay mode, drag disabled, window buttons hidden, title bar hidden
[2018.12.12-07.26.30:592][504]LogPlayLevel: Display: Destroying online subsystem :Context_4
[2018.12.12-07.26.32:270][679]LogEditorViewport: Clicking on Actor (LMB): StaticMeshActor (Car)
[2018.12.12-07.26.45:440][ 87]LogSlate: FSceneViewport::OnFocusLost() reason 0
[2018.12.12-07.26.45:525][ 97]LogTemp: Repeating last play command: Selected Viewport
[2018.12.12-07.26.45:546][ 97]LogBlueprintUserMessages: Early PlayInEditor Detection: Level '/Game/House.House:PersistentLevel' has LevelScriptBlueprint '/Game/House.House:PersistentLevel.House' with GeneratedClass '/Game/House.House_C' with ClassGeneratedBy '/Game/House.House:PersistentLevel.House'
[2018.12.12-07.26.45:546][ 97]LogPlayLevel: PlayLevel: No blueprints needed recompiling
[2018.12.12-07.26.45:546][ 97]PIE: New page: PIE session: House (Dec 11, 2018, 9:26:45 PM)
[2018.12.12-07.26.45:546][ 97]LogPlayLevel: Creating play world package: /Game/UEDPIE_0_House
[2018.12.12-07.26.45:569][ 97]LogPlayLevel: PIE: StaticDuplicateObject took: (0.022868s)
[2018.12.12-07.26.45:570][ 97]LogAIModule: Creating AISystem for world House
[2018.12.12-07.26.45:570][ 97]LogPlayLevel: PIE: World Init took: (0.000627s)
[2018.12.12-07.26.45:570][ 97]LogPlayLevel: PIE: Created PIE world by copying editor world from /Game/House.House to /Game/UEDPIE_0_House.House (0.023659s)
[2018.12.12-07.26.45:611][ 97]LogInit: XAudio2 using 'Speakers / Headphones (Realtek High Definition Audio)' : 2 channels at 48 kHz using 32 bits per sample (channel mask 0x3)
[2018.12.12-07.26.45:637][ 97]LogInit: FAudioDevice initialized.
[2018.12.12-07.26.45:664][ 97]LogLoad: Game class is 'FirstPersonGameMode_C'
[2018.12.12-07.26.45:676][ 97]LogWorld: Bringing World /Game/UEDPIE_0_House.House up for play (max tick rate 0) at 2018.12.12-02.26.45
[2018.12.12-07.26.45:677][ 97]LogWorld: Bringing up level for play took: 0.011651
[2018.12.12-07.26.45:692][ 97]PIE: Play in editor start time for /Game/UEDPIE_0_House 0.574
[2018.12.12-07.26.45:692][ 97]LogBlueprintUserMessages: Late PlayInEditor Detection: Level '/Game/House.House:PersistentLevel' has LevelScriptBlueprint '/Game/House.House:PersistentLevel.House' with GeneratedClass '/Game/House.House_C' with ClassGeneratedBy '/Game/House.House:PersistentLevel.House'
[2018.12.12-07.26.56:450][369]LogScript: Warning: Accessed None trying to read property CurrentDirectActor
	FirstPersonCharacter_C /Game/UEDPIE_0_House.House:PersistentLevel.FirstPersonCharacter_C_1
	Function /Game/FirstPersonBP/Blueprints/FirstPersonCharacter.FirstPersonCharacter_C:ExecuteUbergraph_FirstPersonCharacter:07E7
[2018.12.12-07.26.56:451][369]PIE: Error: Blueprint Runtime Error: "Accessed None trying to read property CurrentDirectActor". Blueprint:  FirstPersonCharacter Function:  Execute Ubergraph First Person Character Graph:  EventGraph Node:  Branch
[2018.12.12-07.26.59:371][718]LogBlueprintUserMessages: Early EndPlayMap Detection: Level '/Game/House.House:PersistentLevel' has LevelScriptBlueprint '/Game/House.House:PersistentLevel.House' with GeneratedClass '/Game/House.House_C' with ClassGeneratedBy '/Game/House.House:PersistentLevel.House'
[2018.12.12-07.26.59:371][718]LogSlate: Updating window title bar state: overlay mode, drag disabled, window buttons hidden, title bar hidden
[2018.12.12-07.26.59:410][718]LogPlayLevel: Display: Shutting down PIE online subsystems
[2018.12.12-07.26.59:410][718]LogBlueprintUserMessages: Late EndPlayMap Detection: Level '/Game/House.House:PersistentLevel' has LevelScriptBlueprint '/Game/House.House:PersistentLevel.House' with GeneratedClass '/Game/House.House_C' with ClassGeneratedBy '/Game/House.House:PersistentLevel.House'
[2018.12.12-07.26.59:442][718]LogSlate: Updating window title bar state: overlay mode, drag disabled, window buttons hidden, title bar hidden
[2018.12.12-07.26.59:476][719]LogPlayLevel: Display: Destroying online subsystem :Context_5
[2018.12.12-07.27.11:116][ 52]LogSlate: FSceneViewport::OnFocusLost() reason 0
[2018.12.12-07.27.11:137][ 54]LogStaticMesh: Building static mesh Trophy...
[2018.12.12-07.27.11:197][ 54]LogStaticMesh: Built static mesh [0.06s] /Game/Geometry/ItemModels/Trophy.Trophy
[2018.12.12-07.27.11:557][ 93]LogActorFactory: Actor Factory created Trophy
[2018.12.12-07.27.12:748][228]LogActorFactory: Actor Factory created Trophy
[2018.12.12-07.27.51:666][483]LogSlate: Took 0.000261 seconds to synchronously load lazily loaded font '../../../Engine/Content/Slate/Fonts/Roboto-Italic.ttf' (157K)
[2018.12.12-07.27.53:134][649]LogSlate: FSceneViewport::OnFocusLost() reason 0
[2018.12.12-07.28.10:654][595]LogSlate: FSceneViewport::OnFocusLost() reason 0
[2018.12.12-07.28.13:578][899]LogSlate: FSceneViewport::OnFocusLost() reason 0
[2018.12.12-07.28.21:814][815]LogSlate: FSceneViewport::OnFocusLost() reason 0
[2018.12.12-07.28.23:154][817]LogTexture: Display: Building textures: WatchTexture (AutoDXT, 2048X2048)
[2018.12.12-07.28.23:155][817]LogTexture: Display: Building textures: WatchUvs (AutoDXT, 2048X2048)
[2018.12.12-07.28.23:155][817]LogMaterial: Display: Missing cached shader map for material WatchMat, compiling. 
[2018.12.12-07.28.23:190][817]LogShaderCompilers: Display: Shaders left to compile 22
[2018.12.12-07.28.23:190][817]LogShaderCompilers: Display: Shaders left to compile 12
[2018.12.12-07.28.23:190][817]LogShaderCompilers: Display: Shaders left to compile 2
[2018.12.12-07.28.23:190][817]LogStaticMesh: Building static mesh Watch...
[2018.12.12-07.28.23:221][817]LogStaticMesh: Built static mesh [0.03s] /Game/Geometry/ItemModels/Watch.Watch
[2018.12.12-07.28.23:257][817]LogActorFactory: Actor Factory created Watch
[2018.12.12-07.28.24:419][925]LogActorFactory: Actor Factory created Watch
[2018.12.12-07.28.25:049][982]LogActorFactory: Actor Factory created Watch
[2018.12.12-07.28.34:976][ 57]LogEditorViewport: Clicking on Actor (LMB): StaticMeshActor (Floor_400x417)
[2018.12.12-07.28.36:290][185]LogEditorViewport: Clicking on Actor (LMB): StaticMeshActor (Watch)
[2018.12.12-07.28.43:253][964]Cmd: TRANSACTION UNDO
[2018.12.12-07.28.43:253][964]LogEditorTransaction: Undo Rotate Actors
[2018.12.12-07.28.43:828][ 14]Cmd: TRANSACTION UNDO
[2018.12.12-07.28.43:828][ 14]LogEditorTransaction: Undo Clicking on Actors
[2018.12.12-07.28.44:475][ 74]Cmd: TRANSACTION UNDO
[2018.12.12-07.28.44:475][ 74]LogEditorTransaction: Undo Clicking on Actors
[2018.12.12-07.28.44:896][112]Cmd: TRANSACTION UNDO
[2018.12.12-07.28.44:896][112]LogEditorTransaction: Undo Scale Actors
[2018.12.12-07.28.45:265][148]Cmd: TRANSACTION UNDO
[2018.12.12-07.28.45:265][148]LogEditorTransaction: Undo Scale Actors
[2018.12.12-07.28.46:034][232]Cmd: TRANSACTION UNDO
[2018.12.12-07.28.46:034][232]LogEditorTransaction: Undo Move Actors
[2018.12.12-07.28.46:590][292]Cmd: TRANSACTION UNDO
[2018.12.12-07.28.46:590][292]LogEditorTransaction: Undo Create Actors
[2018.12.12-07.28.56:353][352]LogSlate: FSceneViewport::OnFocusLost() reason 0
[2018.12.12-07.28.56:614][375]LogActorFactory: Actor Factory created Toilet
[2018.12.12-07.28.57:397][448]LogActorFactory: Actor Factory created Toilet
[2018.12.12-07.29.50:735][256]LogSlate: FSceneViewport::OnFocusLost() reason 0
[2018.12.12-07.29.51:150][298]LogActorFactory: Actor Factory created Tub
[2018.12.12-07.29.51:799][356]LogActorFactory: Actor Factory created Tub
[2018.12.12-07.30.31:442][581]Cmd: TRANSACTION UNDO
[2018.12.12-07.30.31:442][581]LogEditorTransaction: Undo Scale Actors
[2018.12.12-07.30.53:396][957]LogSlate: FSceneViewport::OnFocusLost() reason 0
[2018.12.12-07.30.53:616][974]LogActorFactory: Actor Factory created Shower
[2018.12.12-07.30.54:665][ 74]LogActorFactory: Actor Factory created Shower
[2018.12.12-07.31.07:025][417]LogEditorViewport: Clicking on Actor (context menu): StaticMeshActor (Wall_400x511)
[2018.12.12-07.31.07:071][417]LogSlate: FSceneViewport::OnFocusLost() reason 2
[2018.12.12-07.31.07:845][494]LogEditorViewport: Clicking on Actor (LMB): StaticMeshActor (Shower)
[2018.12.12-07.31.08:034][509]Cmd: DELETE
[2018.12.12-07.31.08:034][509]Cmd: ACTOR DELETE
[2018.12.12-07.31.08:065][509]LogEditorActor: Deleted Actor: StaticMeshActor
[2018.12.12-07.31.08:109][509]LogEditorActor: Deleted 1 Actors (0.074 secs)
[2018.12.12-07.31.17:542][591]LogSlate: FSceneViewport::OnFocusLost() reason 0
[2018.12.12-07.31.17:727][610]LogActorFactory: Actor Factory created Shower
[2018.12.12-07.31.18:815][729]LogActorFactory: Actor Factory created Shower
[2018.12.12-07.31.18:873][730]LogEditorViewport: Clicking on Actor (LMB): StaticMeshActor (Shower)
[2018.12.12-07.31.30:424][977]Cmd: TRANSACTION UNDO
[2018.12.12-07.31.30:425][977]LogEditorTransaction: Undo Scale Actors
[2018.12.12-07.32.04:575][569]LogEditorViewport: Clicking on Actor (LMB): StaticMeshActor (Shower)
[2018.12.12-07.32.17:451][937]LogSlate: FSceneViewport::OnFocusLost() reason 0
[2018.12.12-07.32.28:975][215]LogSlate: FSceneViewport::OnFocusLost() reason 0
[2018.12.12-07.32.29:259][245]LogActorFactory: Actor Factory created Showerhead
[2018.12.12-07.32.30:069][320]LogActorFactory: Actor Factory created Showerhead
[2018.12.12-07.32.31:480][474]LogSlate: FSceneViewport::OnFocusLost() reason 0
[2018.12.12-07.33.02:311][761]LogEditorViewport: Clicking on Actor (LMB): StaticMeshActor (Shower)
[2018.12.12-07.33.06:103][153]LogEditorViewport: Clicking on Actor (LMB): StaticMeshActor (Showerhead)
[2018.12.12-07.33.51:261][  3]LogEditorViewport: Clicking on Actor (LMB): StaticMeshActor (Tub)
[2018.12.12-07.34.47:770][105]LogSlate: FSceneViewport::OnFocusLost() reason 2
[2018.12.12-07.34.47:782][105]Cmd: OBJ SAVEPACKAGE PACKAGE="/Game/House" FILE="../../../../../../Users/otanom/Desktop/CodenameWildfire/CodenameWildfire/Content/House.umap" SILENT=true AUTOSAVING=false KEEPDIRTY=false
[2018.12.12-07.34.48:471][105]LogSavePackage: Moving '../../../../../../Users/otanom/Desktop/CodenameWildfire/CodenameWildfire/Saved/House1CF6A3744B17B2F78A162987A1B385DF.tmp' to '../../../../../../Users/otanom/Desktop/CodenameWildfire/CodenameWildfire/Content/House.umap'
[2018.12.12-07.34.48:545][105]Cmd: OBJ SAVEPACKAGE PACKAGE="/Game/House_BuiltData" FILE="../../../../../../Users/otanom/Desktop/CodenameWildfire/CodenameWildfire/Content/House_BuiltData.uasset" SILENT=true
[2018.12.12-07.34.50:450][105]LogSavePackage: Moving '../../../../../../Users/otanom/Desktop/CodenameWildfire/CodenameWildfire/Saved/House_BuiltData1887A100423634A4159D819320E69352.tmp' to '../../../../../../Users/otanom/Desktop/CodenameWildfire/CodenameWildfire/Content/House_BuiltData.uasset'
[2018.12.12-07.35.04:929][676]LogSlate: FSceneViewport::OnFocusLost() reason 2
[2018.12.12-07.35.10:293][247]LogSlate: FSceneViewport::OnFocusLost() reason 2
[2018.12.12-07.35.10:299][247]Cmd: OBJ SAVEPACKAGE PACKAGE="/Game/TitleGraphic/ashestitle" FILE="../../../../../../Users/otanom/Desktop/CodenameWildfire/CodenameWildfire/Content/TitleGraphic/ashestitle.uasset" SILENT=true
[2018.12.12-07.35.10:329][247]LogSavePackage: Moving '../../../../../../Users/otanom/Desktop/CodenameWildfire/CodenameWildfire/Saved/ashestitle1B2FB85F48EE0D7917C31D9CCD5E7399.tmp' to '../../../../../../Users/otanom/Desktop/CodenameWildfire/CodenameWildfire/Content/TitleGraphic/ashestitle.uasset'
[2018.12.12-07.35.10:369][247]Cmd: OBJ SAVEPACKAGE PACKAGE="/Game/Geometry/ItemModels/lambert2" FILE="../../../../../../Users/otanom/Desktop/CodenameWildfire/CodenameWildfire/Content/Geometry/ItemModels/lambert2.uasset" SILENT=true
[2018.12.12-07.35.10:390][247]LogSavePackage: Moving '../../../../../../Users/otanom/Desktop/CodenameWildfire/CodenameWildfire/Saved/lambert27F6D575640D7D04404D7B988BE5D7522.tmp' to '../../../../../../Users/otanom/Desktop/CodenameWildfire/CodenameWildfire/Content/Geometry/ItemModels/lambert2.uasset'
